{"/Users/viktoria/Kodar/EventPlanner_Viktoria/src/components/Card.vue": {"path":"/Users/viktoria/Kodar/EventPlanner_Viktoria/src/components/Card.vue","statementMap":{"0":{"start":{"line":3,"column":0},"end":{"line":5,"column":3}},"1":{"start":{"line":6,"column":0},"end":{"line":6,"column":24}},"2":{"start":{"line":7,"column":11},"end":{"line":7,"column":25}},"3":{"start":{"line":8,"column":17},"end":{"line":10,"column":1}},"4":{"start":{"line":11,"column":17},"end":{"line":13,"column":1}},"5":{"start":{"line":15,"column":2},"end":{"line":15,"column":179}},"6":{"start":{"line":16,"column":2},"end":{"line":16,"column":49}}},"fnMap":{"0":{"name":"render","decl":{"start":{"line":14,"column":9},"end":{"line":14,"column":15}},"loc":{"start":{"line":14,"column":30},"end":{"line":16,"column":1}},"line":14}},"branchMap":{},"s":{"0":1,"1":1,"2":1,"3":1,"4":1,"5":2,"6":1},"f":{"0":2},"b":{},"inputSourceMap":{"0":"{","1":"\"","2":"v","3":"e","4":"r","5":"s","6":"i","7":"o","8":"n","9":"\"","10":":","11":"3","12":",","13":"\"","14":"s","15":"o","16":"u","17":"r","18":"c","19":"e","20":"s","21":"\"","22":":","23":"[","24":"]","25":",","26":"\"","27":"n","28":"a","29":"m","30":"e","31":"s","32":"\"","33":":","34":"[","35":"]","36":",","37":"\"","38":"m","39":"a","40":"p","41":"p","42":"i","43":"n","44":"g","45":"s","46":"\"","47":":","48":"\"","49":"\"","50":",","51":"\"","52":"f","53":"i","54":"l","55":"e","56":"\"","57":":","58":"\"","59":"/","60":"U","61":"s","62":"e","63":"r","64":"s","65":"/","66":"v","67":"i","68":"k","69":"t","70":"o","71":"r","72":"i","73":"a","74":"/","75":"K","76":"o","77":"d","78":"a","79":"r","80":"/","81":"E","82":"v","83":"e","84":"n","85":"t","86":"P","87":"l","88":"a","89":"n","90":"n","91":"e","92":"r","93":"_","94":"V","95":"i","96":"k","97":"t","98":"o","99":"r","100":"i","101":"a","102":"/","103":"s","104":"r","105":"c","106":"/","107":"c","108":"o","109":"m","110":"p","111":"o","112":"n","113":"e","114":"n","115":"t","116":"s","117":"/","118":"C","119":"a","120":"r","121":"d","122":".","123":"v","124":"u","125":"e","126":"\"","127":"}"},"_coverageSchema":"1a1c01bbd47fc00a2c39e90264f33305004495a9","hash":"68953819490882cf537ba9d1ed527c387483f63e"}
,"/Users/viktoria/Kodar/EventPlanner_Viktoria/src/components/Header.vue": {"path":"/Users/viktoria/Kodar/EventPlanner_Viktoria/src/components/Header.vue","statementMap":{"0":{"start":{"line":4,"column":0},"end":{"line":6,"column":3}},"1":{"start":{"line":7,"column":0},"end":{"line":7,"column":28}},"2":{"start":{"line":102,"column":0},"end":{"line":104,"column":3}},"3":{"start":{"line":105,"column":0},"end":{"line":105,"column":24}},"4":{"start":{"line":106,"column":11},"end":{"line":106,"column":25}},"5":{"start":{"line":107,"column":17},"end":{"line":109,"column":1}},"6":{"start":{"line":110,"column":17},"end":{"line":112,"column":1}},"7":{"start":{"line":113,"column":30},"end":{"line":116,"column":30}},"8":{"start":{"line":117,"column":30},"end":{"line":127,"column":22}},"9":{"start":{"line":128,"column":17},"end":{"line":131,"column":1}},"10":{"start":{"line":132,"column":17},"end":{"line":134,"column":1}},"11":{"start":{"line":135,"column":17},"end":{"line":137,"column":1}},"12":{"start":{"line":138,"column":17},"end":{"line":140,"column":1}},"13":{"start":{"line":141,"column":17},"end":{"line":144,"column":1}},"14":{"start":{"line":145,"column":18},"end":{"line":148,"column":1}},"15":{"start":{"line":149,"column":31},"end":{"line":155,"column":31}},"16":{"start":{"line":156,"column":18},"end":{"line":158,"column":1}},"17":{"start":{"line":159,"column":18},"end":{"line":162,"column":1}},"18":{"start":{"line":163,"column":18},"end":{"line":166,"column":1}},"19":{"start":{"line":168,"column":30},"end":{"line":168,"column":70}},"20":{"start":{"line":169,"column":2},"end":{"line":242,"column":57}},"21":{"start":{"line":175,"column":6},"end":{"line":175,"column":49}},"22":{"start":{"line":183,"column":6},"end":{"line":183,"column":51}},"23":{"start":{"line":192,"column":6},"end":{"line":192,"column":53}},"24":{"start":{"line":200,"column":6},"end":{"line":200,"column":55}},"25":{"start":{"line":208,"column":6},"end":{"line":208,"column":59}},"26":{"start":{"line":217,"column":6},"end":{"line":217,"column":54}},"27":{"start":{"line":230,"column":6},"end":{"line":230,"column":55}},"28":{"start":{"line":239,"column":6},"end":{"line":239,"column":52}},"29":{"start":{"line":243,"column":2},"end":{"line":243,"column":49}}},"fnMap":{"0":{"name":"render","decl":{"start":{"line":167,"column":9},"end":{"line":167,"column":15}},"loc":{"start":{"line":167,"column":63},"end":{"line":243,"column":1}},"line":167},"1":{"name":"(anonymous_1)","decl":{"start":{"line":174,"column":33},"end":{"line":174,"column":34}},"loc":{"start":{"line":174,"column":45},"end":{"line":176,"column":5}},"line":174},"2":{"name":"(anonymous_2)","decl":{"start":{"line":182,"column":33},"end":{"line":182,"column":34}},"loc":{"start":{"line":182,"column":45},"end":{"line":184,"column":5}},"line":182},"3":{"name":"(anonymous_3)","decl":{"start":{"line":191,"column":33},"end":{"line":191,"column":34}},"loc":{"start":{"line":191,"column":45},"end":{"line":193,"column":5}},"line":191},"4":{"name":"(anonymous_4)","decl":{"start":{"line":199,"column":33},"end":{"line":199,"column":34}},"loc":{"start":{"line":199,"column":45},"end":{"line":201,"column":5}},"line":199},"5":{"name":"(anonymous_5)","decl":{"start":{"line":207,"column":33},"end":{"line":207,"column":34}},"loc":{"start":{"line":207,"column":45},"end":{"line":209,"column":5}},"line":207},"6":{"name":"(anonymous_6)","decl":{"start":{"line":216,"column":33},"end":{"line":216,"column":34}},"loc":{"start":{"line":216,"column":45},"end":{"line":218,"column":5}},"line":216},"7":{"name":"(anonymous_7)","decl":{"start":{"line":229,"column":33},"end":{"line":229,"column":34}},"loc":{"start":{"line":229,"column":45},"end":{"line":231,"column":5}},"line":229},"8":{"name":"(anonymous_8)","decl":{"start":{"line":238,"column":33},"end":{"line":238,"column":34}},"loc":{"start":{"line":238,"column":45},"end":{"line":240,"column":5}},"line":238}},"branchMap":{"0":{"loc":{"start":{"line":186,"column":8},"end":{"line":195,"column":52}},"type":"cond-expr","locations":[{"start":{"line":186,"column":34},"end":{"line":195,"column":6}},{"start":{"line":195,"column":10},"end":{"line":195,"column":52}}],"line":186},"1":{"loc":{"start":{"line":195,"column":54},"end":{"line":211,"column":56}},"type":"cond-expr","locations":[{"start":{"line":195,"column":80},"end":{"line":211,"column":10}},{"start":{"line":211,"column":14},"end":{"line":211,"column":56}}],"line":195},"2":{"loc":{"start":{"line":211,"column":60},"end":{"line":211,"column":459}},"type":"cond-expr","locations":[{"start":{"line":211,"column":81},"end":{"line":211,"column":413}},{"start":{"line":211,"column":417},"end":{"line":211,"column":459}}],"line":211},"3":{"loc":{"start":{"line":211,"column":270},"end":{"line":211,"column":411}},"type":"cond-expr","locations":[{"start":{"line":211,"column":296},"end":{"line":211,"column":365}},{"start":{"line":211,"column":369},"end":{"line":211,"column":411}}],"line":211},"4":{"loc":{"start":{"line":211,"column":461},"end":{"line":220,"column":50}},"type":"cond-expr","locations":[{"start":{"line":211,"column":482},"end":{"line":220,"column":4}},{"start":{"line":220,"column":8},"end":{"line":220,"column":50}}],"line":211},"5":{"loc":{"start":{"line":220,"column":52},"end":{"line":224,"column":62}},"type":"cond-expr","locations":[{"start":{"line":220,"column":73},"end":{"line":224,"column":16}},{"start":{"line":224,"column":20},"end":{"line":224,"column":62}}],"line":220},"6":{"loc":{"start":{"line":224,"column":64},"end":{"line":233,"column":50}},"type":"cond-expr","locations":[{"start":{"line":224,"column":86},"end":{"line":233,"column":4}},{"start":{"line":233,"column":8},"end":{"line":233,"column":50}}],"line":224},"7":{"loc":{"start":{"line":233,"column":52},"end":{"line":242,"column":50}},"type":"cond-expr","locations":[{"start":{"line":233,"column":74},"end":{"line":242,"column":4}},{"start":{"line":242,"column":8},"end":{"line":242,"column":50}}],"line":233}},"s":{"0":1,"1":1,"2":1,"3":1,"4":1,"5":1,"6":1,"7":1,"8":1,"9":1,"10":1,"11":1,"12":1,"13":1,"14":1,"15":1,"16":1,"17":1,"18":1,"19":5,"20":5,"21":5,"22":5,"23":2,"24":2,"25":2,"26":3,"27":2,"28":2,"29":1},"f":{"0":5,"1":5,"2":5,"3":2,"4":2,"5":2,"6":3,"7":2,"8":2},"b":{"0":[2,3],"1":[2,3],"2":[3,2],"3":[2,1],"4":[3,2],"5":[3,2],"6":[2,3],"7":[2,3]},"inputSourceMap":{"0":"{","1":"\"","2":"v","3":"e","4":"r","5":"s","6":"i","7":"o","8":"n","9":"\"","10":":","11":"3","12":",","13":"\"","14":"s","15":"o","16":"u","17":"r","18":"c","19":"e","20":"s","21":"\"","22":":","23":"[","24":"\"","25":"/","26":"U","27":"s","28":"e","29":"r","30":"s","31":"/","32":"v","33":"i","34":"k","35":"t","36":"o","37":"r","38":"i","39":"a","40":"/","41":"K","42":"o","43":"d","44":"a","45":"r","46":"/","47":"E","48":"v","49":"e","50":"n","51":"t","52":"P","53":"l","54":"a","55":"n","56":"n","57":"e","58":"r","59":"_","60":"V","61":"i","62":"k","63":"t","64":"o","65":"r","66":"i","67":"a","68":"/","69":"s","70":"r","71":"c","72":"/","73":"c","74":"o","75":"m","76":"p","77":"o","78":"n","79":"e","80":"n","81":"t","82":"s","83":"/","84":"H","85":"e","86":"a","87":"d","88":"e","89":"r","90":".","91":"v","92":"u","93":"e","94":"\"","95":"]","96":",","97":"\"","98":"n","99":"a","100":"m","101":"e","102":"s","103":"\"","104":":","105":"[","106":"]","107":",","108":"\"","109":"m","110":"a","111":"p","112":"p","113":"i","114":"n","115":"g","116":"s","117":"\"","118":":","119":"\"","120":";","121":";","122":";","123":";","124":";","125":";","126":";","127":"A","128":"A","129":"4","130":"E","131":"A","132":";","133":"A","134":"A","135":"A","136":"A","137":";","138":"A","139":"A","140":"A","141":"A","142":";","143":"A","144":"A","145":"C","146":"A","147":";","148":"A","149":"A","150":"A","151":"A","152":";","153":"A","154":"A","155":"A","156":"A","157":";","158":"A","159":"A","160":"C","161":"A","162":";","163":"A","164":"A","165":"A","166":"A","167":";","168":"A","169":"A","170":"A","171":"A","172":";","173":"A","174":"A","175":"A","176":"o","177":"D","178":";","179":"A","180":"A","181":"A","182":"A","183":";","184":";","185":";","186":";","187":";","188":";","189":";","190":"I","191":"A","192":"G","193":"p","194":"D","195":",","196":"I","197":"A","198":"A","199":"M","200":",","201":"M","202":"A","203":"A","204":"M","205":";","206":"I","207":"A","208":"A","209":"G","210":";","211":"I","212":"A","213":"A","214":"A","215":";","216":"I","217":"A","218":"A","219":"A","220":";","221":"I","222":"A","223":"A","224":"A","225":";","226":"I","227":"A","228":"A","229":"A","230":";","231":"I","232":"A","233":"A","234":"A","235":",","236":"S","237":"A","238":"A","239":"S","240":",","241":"E","242":"A","243":"A","244":"C","245":",","246":"C","247":"A","248":"A","249":"C","250":";","251":"I","252":"A","253":"C","254":"1","255":"B","256":",","257":"I","258":"A","259":"A","260":"M","261":",","262":"K","263":"A","264":"A","265":"K","266":";","267":"I","268":"A","269":"A","270":"G","271":";","272":"I","273":"A","274":"A","275":"A","276":";","277":"I","278":"A","279":"A","280":"A","281":";","282":"I","283":"A","284":"A","285":"A","286":";","287":"I","288":"A","289":"A","290":"A","291":";","292":"I","293":"A","294":"A","295":"A","296":",","297":"Y","298":"A","299":"A","300":"Y","301":",","302":"E","303":"A","304":"A","305":"C","306":",","307":"C","308":"A","309":"A","310":"C","311":";","312":"I","313":"A","314":"E","315":"5","316":"B","317":",","318":"I","319":"A","320":"A","321":"M","322":",","323":"U","324":"A","325":"A","326":"U","327":";","328":"I","329":"A","330":"A","331":"G","332":";","333":"I","334":"A","335":"A","336":"A","337":";","338":"I","339":"A","340":"A","341":"A","342":";","343":"I","344":"A","345":"A","346":"A","347":";","348":"I","349":"A","350":"A","351":"A","352":";","353":"I","354":"A","355":"A","356":"A","357":",","358":"Q","359":"A","360":"A","361":"Q","362":",","363":"E","364":"A","365":"A","366":"C","367":";","368":"I","369":"A","370":"A","371":"A","372":";","373":"I","374":"A","375":"A","376":"A","377":";","378":"M","379":"A","380":"A","381":"A","382":",","383":"O","384":"A","385":"A","386":"M","387":",","388":"K","389":"A","390":"A","391":"K","392":",","393":"C","394":"A","395":"A","396":"C","397":",","398":"I","399":"A","400":"A","401":"I","402":";","403":"I","404":"A","405":"A","406":"A","407":",","408":"E","409":"A","410":"A","411":"C","412":";","413":"I","414":"A","415":"C","416":"7","417":"C","418":",","419":"I","420":"A","421":"A","422":"M","423":",","424":"e","425":"A","426":"A","427":"e","428":";","429":"I","430":"A","431":"A","432":"G","433":";","434":"I","435":"A","436":"A","437":"A","438":";","439":"I","440":"A","441":"A","442":"A","443":";","444":"I","445":"A","446":"A","447":"A","448":";","449":"I","450":"A","451":"A","452":"A","453":";","454":"I","455":"A","456":"A","457":"A","458":",","459":"Q","460":"A","461":"A","462":"Q","463":",","464":"E","465":"A","466":"A","467":"C","468":";","469":"I","470":"A","471":"A","472":"A","473":";","474":"I","475":"A","476":"A","477":"A","478":";","479":"M","480":"A","481":"A","482":"A","483":",","484":"O","485":"A","486":"A","487":"M","488":",","489":"K","490":"A","491":"A","492":"K","493":",","494":"C","495":"A","496":"A","497":"C","498":",","499":"O","500":"A","501":"A","502":"O","503":";","504":"I","505":"A","506":"A","507":"A","508":",","509":"E","510":"A","511":"A","512":"C","513":";","514":"I","515":"A","516":"E","517":"r","518":"D","519":",","520":"I","521":"A","522":"A","523":"M","524":",","525":"U","526":"A","527":"A","528":"U","529":",","530":"G","531":"A","532":"A","533":"G","534":",","535":"S","536":"A","537":"A","538":"b","539":",","540":"U","541":"A","542":"A","543":"U","544":",","545":"G","546":"A","547":"A","548":"S","549":";","550":"M","551":"A","552":"C","553":"v","554":"B","555":",","556":"K","557":"A","558":"A","559":"K","560":",","561":"C","562":"A","563":"A","564":"C","565":",","566":"M","567":"A","568":"A","569":"M","570":",","571":"C","572":"A","573":"A","574":"C","575":",","576":"C","577":"A","578":"A","579":"C","580":";","581":"M","582":"A","583":"C","584":"d","585":",","586":"M","587":"A","588":"A","589":"M","590":",","591":"C","592":"A","593":"A","594":"C","595":",","596":"I","597":"A","598":"A","599":"I","600":",","601":"C","602":"A","603":"A","604":"C","605":",","606":"Q","607":"A","608":"A","609":"Q","610":",","611":"C","612":"A","613":"A","614":"C","615":";","616":"I","617":"A","618":"C","619":"v","620":"B","621":",","622":"C","623":"A","624":"A","625":"C","626":"\"","627":",","628":"\"","629":"f","630":"i","631":"l","632":"e","633":"\"","634":":","635":"\"","636":"/","637":"U","638":"s","639":"e","640":"r","641":"s","642":"/","643":"v","644":"i","645":"k","646":"t","647":"o","648":"r","649":"i","650":"a","651":"/","652":"K","653":"o","654":"d","655":"a","656":"r","657":"/","658":"E","659":"v","660":"e","661":"n","662":"t","663":"P","664":"l","665":"a","666":"n","667":"n","668":"e","669":"r","670":"_","671":"V","672":"i","673":"k","674":"t","675":"o","676":"r","677":"i","678":"a","679":"/","680":"s","681":"r","682":"c","683":"/","684":"c","685":"o","686":"m","687":"p","688":"o","689":"n","690":"e","691":"n","692":"t","693":"s","694":"/","695":"H","696":"e","697":"a","698":"d","699":"e","700":"r","701":".","702":"v","703":"u","704":"e","705":"\"","706":",","707":"\"","708":"s","709":"o","710":"u","711":"r","712":"c","713":"e","714":"s","715":"C","716":"o","717":"n","718":"t","719":"e","720":"n","721":"t","722":"\"","723":":","724":"[","725":"\"","726":"<","727":"t","728":"e","729":"m","730":"p","731":"l","732":"a","733":"t","734":"e","735":">","736":"\\","737":"n","738":" ","739":" ","740":"<","741":"n","742":"a","743":"v","744":" ","745":"c","746":"l","747":"a","748":"s","749":"s","750":"=","751":"\\","752":"\"","753":"n","754":"a","755":"v","756":"b","757":"a","758":"r","759":" ","760":"n","761":"a","762":"v","763":"b","764":"a","765":"r","766":"-","767":"e","768":"x","769":"p","770":"a","771":"n","772":"d","773":"-","774":"l","775":"g","776":" ","777":"b","778":"g","779":"-","780":"b","781":"o","782":"d","783":"y","784":"-","785":"t","786":"e","787":"r","788":"t","789":"i","790":"a","791":"r","792":"y","793":"\\","794":"\"","795":">","796":"\\","797":"n","798":" ","799":" ","800":" ","801":" ","802":"<","803":"d","804":"i","805":"v","806":" ","807":"c","808":"l","809":"a","810":"s","811":"s","812":"=","813":"\\","814":"\"","815":"c","816":"o","817":"n","818":"t","819":"a","820":"i","821":"n","822":"e","823":"r","824":"-","825":"f","826":"l","827":"u","828":"i","829":"d","830":"\\","831":"\"","832":">","833":"\\","834":"n","835":" ","836":" ","837":" ","838":" ","839":" ","840":" ","841":"<","842":"a","843":" ","844":"c","845":"l","846":"a","847":"s","848":"s","849":"=","850":"\\","851":"\"","852":"n","853":"a","854":"v","855":"b","856":"a","857":"r","858":"-","859":"b","860":"r","861":"a","862":"n","863":"d","864":"\\","865":"\"","866":" ","867":"h","868":"r","869":"e","870":"f","871":"=","872":"\\","873":"\"","874":"#","875":"\\","876":"\"","877":">","878":"e","879":"V","880":"E","881":"N","882":"T","883":"S","884":"<","885":"/","886":"a","887":">","888":"\\","889":"n","890":" ","891":" ","892":" ","893":" ","894":" ","895":" ","896":"<","897":"b","898":"u","899":"t","900":"t","901":"o","902":"n","903":"\\","904":"n","905":" ","906":" ","907":" ","908":" ","909":" ","910":" ","911":" ","912":" ","913":"c","914":"l","915":"a","916":"s","917":"s","918":"=","919":"\\","920":"\"","921":"n","922":"a","923":"v","924":"b","925":"a","926":"r","927":"-","928":"t","929":"o","930":"g","931":"g","932":"l","933":"e","934":"r","935":"\\","936":"\"","937":"\\","938":"n","939":" ","940":" ","941":" ","942":" ","943":" ","944":" ","945":" ","946":" ","947":"t","948":"y","949":"p","950":"e","951":"=","952":"\\","953":"\"","954":"b","955":"u","956":"t","957":"t","958":"o","959":"n","960":"\\","961":"\"","962":"\\","963":"n","964":" ","965":" ","966":" ","967":" ","968":" ","969":" ","970":" ","971":" ","972":"d","973":"a","974":"t","975":"a","976":"-","977":"b","978":"s","979":"-","980":"t","981":"o","982":"g","983":"g","984":"l","985":"e","986":"=","987":"\\","988":"\"","989":"c","990":"o","991":"l","992":"l","993":"a","994":"p","995":"s","996":"e","997":"\\","998":"\"","999":"\\","1000":"n","1001":" ","1002":" ","1003":" ","1004":" ","1005":" ","1006":" ","1007":" ","1008":" ","1009":"d","1010":"a","1011":"t","1012":"a","1013":"-","1014":"b","1015":"s","1016":"-","1017":"t","1018":"a","1019":"r","1020":"g","1021":"e","1022":"t","1023":"=","1024":"\\","1025":"\"","1026":"#","1027":"n","1028":"a","1029":"v","1030":"b","1031":"a","1032":"r","1033":"S","1034":"u","1035":"p","1036":"p","1037":"o","1038":"r","1039":"t","1040":"e","1041":"d","1042":"C","1043":"o","1044":"n","1045":"t","1046":"e","1047":"n","1048":"t","1049":"\\","1050":"\"","1051":"\\","1052":"n","1053":" ","1054":" ","1055":" ","1056":" ","1057":" ","1058":" ","1059":" ","1060":" ","1061":"a","1062":"r","1063":"i","1064":"a","1065":"-","1066":"c","1067":"o","1068":"n","1069":"t","1070":"r","1071":"o","1072":"l","1073":"s","1074":"=","1075":"\\","1076":"\"","1077":"n","1078":"a","1079":"v","1080":"b","1081":"a","1082":"r","1083":"S","1084":"u","1085":"p","1086":"p","1087":"o","1088":"r","1089":"t","1090":"e","1091":"d","1092":"C","1093":"o","1094":"n","1095":"t","1096":"e","1097":"n","1098":"t","1099":"\\","1100":"\"","1101":"\\","1102":"n","1103":" ","1104":" ","1105":" ","1106":" ","1107":" ","1108":" ","1109":" ","1110":" ","1111":"a","1112":"r","1113":"i","1114":"a","1115":"-","1116":"e","1117":"x","1118":"p","1119":"a","1120":"n","1121":"d","1122":"e","1123":"d","1124":"=","1125":"\\","1126":"\"","1127":"f","1128":"a","1129":"l","1130":"s","1131":"e","1132":"\\","1133":"\"","1134":"\\","1135":"n","1136":" ","1137":" ","1138":" ","1139":" ","1140":" ","1141":" ","1142":" ","1143":" ","1144":"a","1145":"r","1146":"i","1147":"a","1148":"-","1149":"l","1150":"a","1151":"b","1152":"e","1153":"l","1154":"=","1155":"\\","1156":"\"","1157":"T","1158":"o","1159":"g","1160":"g","1161":"l","1162":"e","1163":" ","1164":"n","1165":"a","1166":"v","1167":"i","1168":"g","1169":"a","1170":"t","1171":"i","1172":"o","1173":"n","1174":"\\","1175":"\"","1176":"\\","1177":"n","1178":" ","1179":" ","1180":" ","1181":" ","1182":" ","1183":" ","1184":">","1185":"\\","1186":"n","1187":" ","1188":" ","1189":" ","1190":" ","1191":" ","1192":" ","1193":" ","1194":" ","1195":"<","1196":"s","1197":"p","1198":"a","1199":"n","1200":" ","1201":"c","1202":"l","1203":"a","1204":"s","1205":"s","1206":"=","1207":"\\","1208":"\"","1209":"n","1210":"a","1211":"v","1212":"b","1213":"a","1214":"r","1215":"-","1216":"t","1217":"o","1218":"g","1219":"g","1220":"l","1221":"e","1222":"r","1223":"-","1224":"i","1225":"c","1226":"o","1227":"n","1228":"\\","1229":"\"","1230":">","1231":"<","1232":"/","1233":"s","1234":"p","1235":"a","1236":"n","1237":">","1238":"\\","1239":"n","1240":" ","1241":" ","1242":" ","1243":" ","1244":" ","1245":" ","1246":"<","1247":"/","1248":"b","1249":"u","1250":"t","1251":"t","1252":"o","1253":"n","1254":">","1255":"\\","1256":"n","1257":" ","1258":" ","1259":" ","1260":" ","1261":" ","1262":" ","1263":"<","1264":"d","1265":"i","1266":"v","1267":" ","1268":"c","1269":"l","1270":"a","1271":"s","1272":"s","1273":"=","1274":"\\","1275":"\"","1276":"c","1277":"o","1278":"l","1279":"l","1280":"a","1281":"p","1282":"s","1283":"e","1284":" ","1285":"n","1286":"a","1287":"v","1288":"b","1289":"a","1290":"r","1291":"-","1292":"c","1293":"o","1294":"l","1295":"l","1296":"a","1297":"p","1298":"s","1299":"e","1300":"\\","1301":"\"","1302":" ","1303":"i","1304":"d","1305":"=","1306":"\\","1307":"\"","1308":"n","1309":"a","1310":"v","1311":"b","1312":"a","1313":"r","1314":"S","1315":"u","1316":"p","1317":"p","1318":"o","1319":"r","1320":"t","1321":"e","1322":"d","1323":"C","1324":"o","1325":"n","1326":"t","1327":"e","1328":"n","1329":"t","1330":"\\","1331":"\"","1332":">","1333":"\\","1334":"n","1335":" ","1336":" ","1337":" ","1338":" ","1339":" ","1340":" ","1341":" ","1342":" ","1343":"<","1344":"u","1345":"l","1346":" ","1347":"c","1348":"l","1349":"a","1350":"s","1351":"s","1352":"=","1353":"\\","1354":"\"","1355":"n","1356":"a","1357":"v","1358":"b","1359":"a","1360":"r","1361":"-","1362":"n","1363":"a","1364":"v","1365":" ","1366":"m","1367":"e","1368":"-","1369":"a","1370":"u","1371":"t","1372":"o","1373":" ","1374":"m","1375":"b","1376":"-","1377":"2","1378":" ","1379":"m","1380":"b","1381":"-","1382":"l","1383":"g","1384":"-","1385":"0","1386":"\\","1387":"\"","1388":">","1389":"\\","1390":"n","1391":" ","1392":" ","1393":" ","1394":" ","1395":" ","1396":" ","1397":" ","1398":" ","1399":" ","1400":" ","1401":"<","1402":"l","1403":"i","1404":" ","1405":"c","1406":"l","1407":"a","1408":"s","1409":"s","1410":"=","1411":"\\","1412":"\"","1413":"n","1414":"a","1415":"v","1416":"-","1417":"i","1418":"t","1419":"e","1420":"m","1421":"\\","1422":"\"","1423":">","1424":"\\","1425":"n","1426":" ","1427":" ","1428":" ","1429":" ","1430":" ","1431":" ","1432":" ","1433":" ","1434":" ","1435":" ","1436":" ","1437":" ","1438":"<","1439":"R","1440":"o","1441":"u","1442":"t","1443":"e","1444":"r","1445":"L","1446":"i","1447":"n","1448":"k","1449":" ","1450":"c","1451":"l","1452":"a","1453":"s","1454":"s","1455":"=","1456":"\\","1457":"\"","1458":"n","1459":"a","1460":"v","1461":"-","1462":"l","1463":"i","1464":"n","1465":"k","1466":" ","1467":"a","1468":"c","1469":"t","1470":"i","1471":"v","1472":"e","1473":"\\","1474":"\"","1475":" ","1476":"a","1477":"r","1478":"i","1479":"a","1480":"-","1481":"c","1482":"u","1483":"r","1484":"r","1485":"e","1486":"n","1487":"t","1488":"=","1489":"\\","1490":"\"","1491":"p","1492":"a","1493":"g","1494":"e","1495":"\\","1496":"\"","1497":" ","1498":"t","1499":"o","1500":"=","1501":"\\","1502":"\"","1503":"/","1504":"\\","1505":"\"","1506":"\\","1507":"n","1508":" ","1509":" ","1510":" ","1511":" ","1512":" ","1513":" ","1514":" ","1515":" ","1516":" ","1517":" ","1518":" ","1519":" ","1520":" ","1521":" ","1522":">","1523":"H","1524":"o","1525":"m","1526":"e","1527":"<","1528":"/","1529":"R","1530":"o","1531":"u","1532":"t","1533":"e","1534":"r","1535":"L","1536":"i","1537":"n","1538":"k","1539":"\\","1540":"n","1541":" ","1542":" ","1543":" ","1544":" ","1545":" ","1546":" ","1547":" ","1548":" ","1549":" ","1550":" ","1551":" ","1552":" ","1553":">","1554":"\\","1555":"n","1556":" ","1557":" ","1558":" ","1559":" ","1560":" ","1561":" ","1562":" ","1563":" ","1564":" ","1565":" ","1566":"<","1567":"/","1568":"l","1569":"i","1570":">","1571":"\\","1572":"n","1573":" ","1574":" ","1575":" ","1576":" ","1577":" ","1578":" ","1579":" ","1580":" ","1581":" ","1582":" ","1583":"<","1584":"l","1585":"i","1586":" ","1587":"c","1588":"l","1589":"a","1590":"s","1591":"s","1592":"=","1593":"\\","1594":"\"","1595":"n","1596":"a","1597":"v","1598":"-","1599":"i","1600":"t","1601":"e","1602":"m","1603":"\\","1604":"\"","1605":">","1606":"\\","1607":"n","1608":" ","1609":" ","1610":" ","1611":" ","1612":" ","1613":" ","1614":" ","1615":" ","1616":" ","1617":" ","1618":" ","1619":" ","1620":"<","1621":"R","1622":"o","1623":"u","1624":"t","1625":"e","1626":"r","1627":"L","1628":"i","1629":"n","1630":"k","1631":" ","1632":"c","1633":"l","1634":"a","1635":"s","1636":"s","1637":"=","1638":"\\","1639":"\"","1640":"n","1641":"a","1642":"v","1643":"-","1644":"l","1645":"i","1646":"n","1647":"k","1648":"\\","1649":"\"","1650":" ","1651":"t","1652":"o","1653":"=","1654":"\\","1655":"\"","1656":"/","1657":"e","1658":"v","1659":"e","1660":"n","1661":"t","1662":"s","1663":"\\","1664":"\"","1665":">","1666":"E","1667":"v","1668":"e","1669":"n","1670":"t","1671":"s","1672":"<","1673":"/","1674":"R","1675":"o","1676":"u","1677":"t","1678":"e","1679":"r","1680":"L","1681":"i","1682":"n","1683":"k","1684":">","1685":"\\","1686":"n","1687":" ","1688":" ","1689":" ","1690":" ","1691":" ","1692":" ","1693":" ","1694":" ","1695":" ","1696":" ","1697":"<","1698":"/","1699":"l","1700":"i","1701":">","1702":"\\","1703":"n","1704":" ","1705":" ","1706":" ","1707":" ","1708":" ","1709":" ","1710":" ","1711":" ","1712":" ","1713":" ","1714":"<","1715":"l","1716":"i","1717":" ","1718":"v","1719":"-","1720":"i","1721":"f","1722":"=","1723":"\\","1724":"\"","1725":"i","1726":"s","1727":"A","1728":"u","1729":"t","1730":"h","1731":"e","1732":"n","1733":"t","1734":"i","1735":"c","1736":"a","1737":"t","1738":"e","1739":"d","1740":"\\","1741":"\"","1742":" ","1743":"c","1744":"l","1745":"a","1746":"s","1747":"s","1748":"=","1749":"\\","1750":"\"","1751":"n","1752":"a","1753":"v","1754":"-","1755":"i","1756":"t","1757":"e","1758":"m","1759":"\\","1760":"\"","1761":">","1762":"\\","1763":"n","1764":" ","1765":" ","1766":" ","1767":" ","1768":" ","1769":" ","1770":" ","1771":" ","1772":" ","1773":" ","1774":" ","1775":" ","1776":"<","1777":"R","1778":"o","1779":"u","1780":"t","1781":"e","1782":"r","1783":"L","1784":"i","1785":"n","1786":"k","1787":" ","1788":"t","1789":"o","1790":"=","1791":"\\","1792":"\"","1793":"/","1794":"o","1795":"v","1796":"e","1797":"r","1798":"v","1799":"i","1800":"e","1801":"w","1802":"\\","1803":"\"","1804":" ","1805":"c","1806":"l","1807":"a","1808":"s","1809":"s","1810":"=","1811":"\\","1812":"\"","1813":"n","1814":"a","1815":"v","1816":"-","1817":"l","1818":"i","1819":"n","1820":"k","1821":"\\","1822":"\"","1823":" ","1824":"h","1825":"r","1826":"e","1827":"f","1828":"=","1829":"\\","1830":"\"","1831":"#","1832":"\\","1833":"\"","1834":"\\","1835":"n","1836":" ","1837":" ","1838":" ","1839":" ","1840":" ","1841":" ","1842":" ","1843":" ","1844":" ","1845":" ","1846":" ","1847":" ","1848":" ","1849":" ","1850":">","1851":"O","1852":"v","1853":"e","1854":"r","1855":"v","1856":"i","1857":"e","1858":"w","1859":"<","1860":"/","1861":"R","1862":"o","1863":"u","1864":"t","1865":"e","1866":"r","1867":"L","1868":"i","1869":"n","1870":"k","1871":"\\","1872":"n","1873":" ","1874":" ","1875":" ","1876":" ","1877":" ","1878":" ","1879":" ","1880":" ","1881":" ","1882":" ","1883":" ","1884":" ","1885":">","1886":"\\","1887":"n","1888":" ","1889":" ","1890":" ","1891":" ","1892":" ","1893":" ","1894":" ","1895":" ","1896":" ","1897":" ","1898":"<","1899":"/","1900":"l","1901":"i","1902":">","1903":"\\","1904":"n","1905":" ","1906":" ","1907":" ","1908":" ","1909":" ","1910":" ","1911":" ","1912":" ","1913":" ","1914":" ","1915":"<","1916":"l","1917":"i","1918":" ","1919":"v","1920":"-","1921":"i","1922":"f","1923":"=","1924":"\\","1925":"\"","1926":"i","1927":"s","1928":"A","1929":"u","1930":"t","1931":"h","1932":"e","1933":"n","1934":"t","1935":"i","1936":"c","1937":"a","1938":"t","1939":"e","1940":"d","1941":"\\","1942":"\"","1943":" ","1944":"c","1945":"l","1946":"a","1947":"s","1948":"s","1949":"=","1950":"\\","1951":"\"","1952":"n","1953":"a","1954":"v","1955":"-","1956":"i","1957":"t","1958":"e","1959":"m","1960":" ","1961":"d","1962":"r","1963":"o","1964":"p","1965":"d","1966":"o","1967":"w","1968":"n","1969":"\\","1970":"\"","1971":">","1972":"\\","1973":"n","1974":" ","1975":" ","1976":" ","1977":" ","1978":" ","1979":" ","1980":" ","1981":" ","1982":" ","1983":" ","1984":" ","1985":" ","1986":"<","1987":"a","1988":"\\","1989":"n","1990":" ","1991":" ","1992":" ","1993":" ","1994":" ","1995":" ","1996":" ","1997":" ","1998":" ","1999":" ","2000":" ","2001":" ","2002":" ","2003":" ","2004":"c","2005":"l","2006":"a","2007":"s","2008":"s","2009":"=","2010":"\\","2011":"\"","2012":"n","2013":"a","2014":"v","2015":"-","2016":"l","2017":"i","2018":"n","2019":"k","2020":" ","2021":"d","2022":"r","2023":"o","2024":"p","2025":"d","2026":"o","2027":"w","2028":"n","2029":"-","2030":"t","2031":"o","2032":"g","2033":"g","2034":"l","2035":"e","2036":"\\","2037":"\"","2038":"\\","2039":"n","2040":" ","2041":" ","2042":" ","2043":" ","2044":" ","2045":" ","2046":" ","2047":" ","2048":" ","2049":" ","2050":" ","2051":" ","2052":" ","2053":" ","2054":"h","2055":"r","2056":"e","2057":"f","2058":"=","2059":"\\","2060":"\"","2061":"#","2062":"\\","2063":"\"","2064":"\\","2065":"n","2066":" ","2067":" ","2068":" ","2069":" ","2070":" ","2071":" ","2072":" ","2073":" ","2074":" ","2075":" ","2076":" ","2077":" ","2078":" ","2079":" ","2080":"r","2081":"o","2082":"l","2083":"e","2084":"=","2085":"\\","2086":"\"","2087":"b","2088":"u","2089":"t","2090":"t","2091":"o","2092":"n","2093":"\\","2094":"\"","2095":"\\","2096":"n","2097":" ","2098":" ","2099":" ","2100":" ","2101":" ","2102":" ","2103":" ","2104":" ","2105":" ","2106":" ","2107":" ","2108":" ","2109":" ","2110":" ","2111":"d","2112":"a","2113":"t","2114":"a","2115":"-","2116":"b","2117":"s","2118":"-","2119":"t","2120":"o","2121":"g","2122":"g","2123":"l","2124":"e","2125":"=","2126":"\\","2127":"\"","2128":"d","2129":"r","2130":"o","2131":"p","2132":"d","2133":"o","2134":"w","2135":"n","2136":"\\","2137":"\"","2138":"\\","2139":"n","2140":" ","2141":" ","2142":" ","2143":" ","2144":" ","2145":" ","2146":" ","2147":" ","2148":" ","2149":" ","2150":" ","2151":" ","2152":" ","2153":" ","2154":"a","2155":"r","2156":"i","2157":"a","2158":"-","2159":"e","2160":"x","2161":"p","2162":"a","2163":"n","2164":"d","2165":"e","2166":"d","2167":"=","2168":"\\","2169":"\"","2170":"f","2171":"a","2172":"l","2173":"s","2174":"e","2175":"\\","2176":"\"","2177":"\\","2178":"n","2179":" ","2180":" ","2181":" ","2182":" ","2183":" ","2184":" ","2185":" ","2186":" ","2187":" ","2188":" ","2189":" ","2190":" ","2191":">","2192":"\\","2193":"n","2194":" ","2195":" ","2196":" ","2197":" ","2198":" ","2199":" ","2200":" ","2201":" ","2202":" ","2203":" ","2204":" ","2205":" ","2206":" ","2207":" ","2208":"A","2209":"d","2210":"m","2211":"i","2212":"n","2213":"\\","2214":"n","2215":" ","2216":" ","2217":" ","2218":" ","2219":" ","2220":" ","2221":" ","2222":" ","2223":" ","2224":" ","2225":" ","2226":" ","2227":"<","2228":"/","2229":"a","2230":">","2231":"\\","2232":"n","2233":" ","2234":" ","2235":" ","2236":" ","2237":" ","2238":" ","2239":" ","2240":" ","2241":" ","2242":" ","2243":" ","2244":" ","2245":"<","2246":"u","2247":"l","2248":" ","2249":"c","2250":"l","2251":"a","2252":"s","2253":"s","2254":"=","2255":"\\","2256":"\"","2257":"d","2258":"r","2259":"o","2260":"p","2261":"d","2262":"o","2263":"w","2264":"n","2265":"-","2266":"m","2267":"e","2268":"n","2269":"u","2270":"\\","2271":"\"","2272":">","2273":"\\","2274":"n","2275":" ","2276":" ","2277":" ","2278":" ","2279":" ","2280":" ","2281":" ","2282":" ","2283":" ","2284":" ","2285":" ","2286":" ","2287":" ","2288":" ","2289":"<","2290":"l","2291":"i","2292":">","2293":"\\","2294":"n","2295":" ","2296":" ","2297":" ","2298":" ","2299":" ","2300":" ","2301":" ","2302":" ","2303":" ","2304":" ","2305":" ","2306":" ","2307":" ","2308":" ","2309":" ","2310":" ","2311":"<","2312":"R","2313":"o","2314":"u","2315":"t","2316":"e","2317":"r","2318":"L","2319":"i","2320":"n","2321":"k","2322":" ","2323":"c","2324":"l","2325":"a","2326":"s","2327":"s","2328":"=","2329":"\\","2330":"\"","2331":"d","2332":"r","2333":"o","2334":"p","2335":"d","2336":"o","2337":"w","2338":"n","2339":"-","2340":"i","2341":"t","2342":"e","2343":"m","2344":"\\","2345":"\"","2346":" ","2347":"t","2348":"o","2349":"=","2350":"\\","2351":"\"","2352":"/","2353":"r","2354":"e","2355":"g","2356":"i","2357":"s","2358":"t","2359":"e","2360":"r","2361":"-","2362":"a","2363":"d","2364":"m","2365":"i","2366":"n","2367":"\\","2368":"\"","2369":"\\","2370":"n","2371":" ","2372":" ","2373":" ","2374":" ","2375":" ","2376":" ","2377":" ","2378":" ","2379":" ","2380":" ","2381":" ","2382":" ","2383":" ","2384":" ","2385":" ","2386":" ","2387":" ","2388":" ","2389":">","2390":"A","2391":"d","2392":"d","2393":" ","2394":"a","2395":"d","2396":"m","2397":"i","2398":"n","2399":"s","2400":"<","2401":"/","2402":"R","2403":"o","2404":"u","2405":"t","2406":"e","2407":"r","2408":"L","2409":"i","2410":"n","2411":"k","2412":"\\","2413":"n","2414":" ","2415":" ","2416":" ","2417":" ","2418":" ","2419":" ","2420":" ","2421":" ","2422":" ","2423":" ","2424":" ","2425":" ","2426":" ","2427":" ","2428":" ","2429":" ","2430":">","2431":"\\","2432":"n","2433":" ","2434":" ","2435":" ","2436":" ","2437":" ","2438":" ","2439":" ","2440":" ","2441":" ","2442":" ","2443":" ","2444":" ","2445":" ","2446":" ","2447":"<","2448":"/","2449":"l","2450":"i","2451":">","2452":"\\","2453":"n","2454":" ","2455":" ","2456":" ","2457":" ","2458":" ","2459":" ","2460":" ","2461":" ","2462":" ","2463":" ","2464":" ","2465":" ","2466":" ","2467":" ","2468":"<","2469":"l","2470":"i","2471":">","2472":"\\","2473":"n","2474":" ","2475":" ","2476":" ","2477":" ","2478":" ","2479":" ","2480":" ","2481":" ","2482":" ","2483":" ","2484":" ","2485":" ","2486":" ","2487":" ","2488":" ","2489":" ","2490":"<","2491":"R","2492":"o","2493":"u","2494":"t","2495":"e","2496":"r","2497":"L","2498":"i","2499":"n","2500":"k","2501":" ","2502":"c","2503":"l","2504":"a","2505":"s","2506":"s","2507":"=","2508":"\\","2509":"\"","2510":"d","2511":"r","2512":"o","2513":"p","2514":"d","2515":"o","2516":"w","2517":"n","2518":"-","2519":"i","2520":"t","2521":"e","2522":"m","2523":"\\","2524":"\"","2525":" ","2526":"t","2527":"o","2528":"=","2529":"\\","2530":"\"","2531":"/","2532":"c","2533":"r","2534":"e","2535":"a","2536":"t","2537":"e","2538":"-","2539":"e","2540":"v","2541":"e","2542":"n","2543":"t","2544":"\\","2545":"\"","2546":"\\","2547":"n","2548":" ","2549":" ","2550":" ","2551":" ","2552":" ","2553":" ","2554":" ","2555":" ","2556":" ","2557":" ","2558":" ","2559":" ","2560":" ","2561":" ","2562":" ","2563":" ","2564":" ","2565":" ","2566":">","2567":"A","2568":"d","2569":"d","2570":" ","2571":"n","2572":"e","2573":"w","2574":" ","2575":"e","2576":"v","2577":"e","2578":"n","2579":"t","2580":"s","2581":"<","2582":"/","2583":"R","2584":"o","2585":"u","2586":"t","2587":"e","2588":"r","2589":"L","2590":"i","2591":"n","2592":"k","2593":"\\","2594":"n","2595":" ","2596":" ","2597":" ","2598":" ","2599":" ","2600":" ","2601":" ","2602":" ","2603":" ","2604":" ","2605":" ","2606":" ","2607":" ","2608":" ","2609":" ","2610":" ","2611":">","2612":"\\","2613":"n","2614":" ","2615":" ","2616":" ","2617":" ","2618":" ","2619":" ","2620":" ","2621":" ","2622":" ","2623":" ","2624":" ","2625":" ","2626":" ","2627":" ","2628":"<","2629":"/","2630":"l","2631":"i","2632":">","2633":"\\","2634":"n","2635":" ","2636":" ","2637":" ","2638":" ","2639":" ","2640":" ","2641":" ","2642":" ","2643":" ","2644":" ","2645":" ","2646":" ","2647":"<","2648":"/","2649":"u","2650":"l","2651":">","2652":"\\","2653":"n","2654":" ","2655":" ","2656":" ","2657":" ","2658":" ","2659":" ","2660":" ","2661":" ","2662":" ","2663":" ","2664":"<","2665":"/","2666":"l","2667":"i","2668":">","2669":"\\","2670":"n","2671":" ","2672":" ","2673":" ","2674":" ","2675":" ","2676":" ","2677":" ","2678":" ","2679":"<","2680":"/","2681":"u","2682":"l","2683":">","2684":"\\","2685":"n","2686":" ","2687":" ","2688":" ","2689":" ","2690":" ","2691":" ","2692":" ","2693":" ","2694":"<","2695":"s","2696":"p","2697":"a","2698":"n","2699":" ","2700":"i","2701":"d","2702":"=","2703":"\\","2704":"\"","2705":"h","2706":"e","2707":"l","2708":"l","2709":"o","2710":"U","2711":"s","2712":"e","2713":"r","2714":"\\","2715":"\"","2716":" ","2717":"v","2718":"-","2719":"i","2720":"f","2721":"=","2722":"\\","2723":"\"","2724":"l","2725":"o","2726":"g","2727":"g","2728":"e","2729":"d","2730":"U","2731":"s","2732":"e","2733":"r","2734":"\\","2735":"\"","2736":">","2737":"\\","2738":"n","2739":" ","2740":" ","2741":" ","2742":" ","2743":" ","2744":" ","2745":" ","2746":" ","2747":" ","2748":" ","2749":"H","2750":"e","2751":"l","2752":"l","2753":"o","2754":",","2755":" ","2756":"{","2757":"{","2758":" ","2759":"l","2760":"o","2761":"g","2762":"g","2763":"e","2764":"d","2765":"U","2766":"s","2767":"e","2768":"r","2769":".","2770":"u","2771":"s","2772":"e","2773":"r","2774":"n","2775":"a","2776":"m","2777":"e","2778":" ","2779":"}","2780":"}","2781":"\\","2782":"n","2783":" ","2784":" ","2785":" ","2786":" ","2787":" ","2788":" ","2789":" ","2790":" ","2791":" ","2792":" ","2793":"<","2794":"i","2795":" ","2796":"v","2797":"-","2798":"i","2799":"f","2800":"=","2801":"\\","2802":"\"","2803":"i","2804":"s","2805":"A","2806":"u","2807":"t","2808":"h","2809":"e","2810":"n","2811":"t","2812":"i","2813":"c","2814":"a","2815":"t","2816":"e","2817":"d","2818":"\\","2819":"\"","2820":" ","2821":"c","2822":"l","2823":"a","2824":"s","2825":"s","2826":"=","2827":"\\","2828":"\"","2829":"b","2830":"i","2831":" ","2832":"b","2833":"i","2834":"-","2835":"d","2836":"a","2837":"t","2838":"a","2839":"b","2840":"a","2841":"s","2842":"e","2843":"-","2844":"f","2845":"i","2846":"l","2847":"l","2848":"-","2849":"c","2850":"h","2851":"e","2852":"c","2853":"k","2854":"\\","2855":"\"","2856":">","2857":"<","2858":"/","2859":"i","2860":">","2861":"\\","2862":"n","2863":" ","2864":" ","2865":" ","2866":" ","2867":" ","2868":" ","2869":" ","2870":" ","2871":"<","2872":"/","2873":"s","2874":"p","2875":"a","2876":"n","2877":">","2878":"\\","2879":"n","2880":" ","2881":" ","2882":" ","2883":" ","2884":" ","2885":" ","2886":" ","2887":" ","2888":"<","2889":"R","2890":"o","2891":"u","2892":"t","2893":"e","2894":"r","2895":"L","2896":"i","2897":"n","2898":"k","2899":" ","2900":"c","2901":"l","2902":"a","2903":"s","2904":"s","2905":"=","2906":"\\","2907":"\"","2908":"n","2909":"a","2910":"v","2911":"-","2912":"l","2913":"i","2914":"n","2915":"k","2916":"\\","2917":"\"","2918":" ","2919":"t","2920":"o","2921":"=","2922":"\\","2923":"\"","2924":"/","2925":"p","2926":"r","2927":"o","2928":"f","2929":"i","2930":"l","2931":"e","2932":"\\","2933":"\"","2934":" ","2935":"v","2936":"-","2937":"i","2938":"f","2939":"=","2940":"\\","2941":"\"","2942":"l","2943":"o","2944":"g","2945":"g","2946":"e","2947":"d","2948":"U","2949":"s","2950":"e","2951":"r","2952":"\\","2953":"\"","2954":">","2955":"\\","2956":"n","2957":" ","2958":" ","2959":" ","2960":" ","2961":" ","2962":" ","2963":" ","2964":" ","2965":" ","2966":" ","2967":"P","2968":"r","2969":"o","2970":"f","2971":"i","2972":"l","2973":"e","2974":"\\","2975":"n","2976":" ","2977":" ","2978":" ","2979":" ","2980":" ","2981":" ","2982":" ","2983":" ","2984":"<","2985":"/","2986":"R","2987":"o","2988":"u","2989":"t","2990":"e","2991":"r","2992":"L","2993":"i","2994":"n","2995":"k","2996":">","2997":"\\","2998":"n","2999":" ","3000":" ","3001":" ","3002":" ","3003":" ","3004":" ","3005":" ","3006":" ","3007":"<","3008":"b","3009":"u","3010":"t","3011":"t","3012":"o","3013":"n","3014":" ","3015":"@","3016":"c","3017":"l","3018":"i","3019":"c","3020":"k","3021":"=","3022":"\\","3023":"\"","3024":"l","3025":"o","3026":"g","3027":"o","3028":"u","3029":"t","3030":"U","3031":"s","3032":"e","3033":"r","3034":"\\","3035":"\"","3036":" ","3037":"v","3038":"-","3039":"i","3040":"f","3041":"=","3042":"\\","3043":"\"","3044":"l","3045":"o","3046":"g","3047":"g","3048":"e","3049":"d","3050":"U","3051":"s","3052":"e","3053":"r","3054":"\\","3055":"\"","3056":" ","3057":"c","3058":"l","3059":"a","3060":"s","3061":"s","3062":"=","3063":"\\","3064":"\"","3065":"b","3066":"t","3067":"n","3068":" ","3069":"b","3070":"t","3071":"n","3072":"-","3073":"d","3074":"a","3075":"n","3076":"g","3077":"e","3078":"r","3079":"\\","3080":"\"","3081":">","3082":"\\","3083":"n","3084":" ","3085":" ","3086":" ","3087":" ","3088":" ","3089":" ","3090":" ","3091":" ","3092":" ","3093":" ","3094":"L","3095":"o","3096":"g","3097":"o","3098":"u","3099":"t","3100":"\\","3101":"n","3102":" ","3103":" ","3104":" ","3105":" ","3106":" ","3107":" ","3108":" ","3109":" ","3110":"<","3111":"/","3112":"b","3113":"u","3114":"t","3115":"t","3116":"o","3117":"n","3118":">","3119":"\\","3120":"n","3121":" ","3122":" ","3123":" ","3124":" ","3125":" ","3126":" ","3127":" ","3128":" ","3129":"<","3130":"R","3131":"o","3132":"u","3133":"t","3134":"e","3135":"r","3136":"L","3137":"i","3138":"n","3139":"k","3140":" ","3141":"t","3142":"o","3143":"=","3144":"\\","3145":"\"","3146":"/","3147":"r","3148":"e","3149":"g","3150":"i","3151":"s","3152":"t","3153":"e","3154":"r","3155":"\\","3156":"\"","3157":" ","3158":"v","3159":"-","3160":"i","3161":"f","3162":"=","3163":"\\","3164":"\"","3165":"!","3166":"l","3167":"o","3168":"g","3169":"g","3170":"e","3171":"d","3172":"U","3173":"s","3174":"e","3175":"r","3176":"\\","3177":"\"","3178":" ","3179":"c","3180":"l","3181":"a","3182":"s","3183":"s","3184":"=","3185":"\\","3186":"\"","3187":"b","3188":"t","3189":"n","3190":" ","3191":"b","3192":"t","3193":"n","3194":"-","3195":"p","3196":"r","3197":"i","3198":"m","3199":"a","3200":"r","3201":"y","3202":"\\","3203":"\"","3204":">","3205":"\\","3206":"n","3207":" ","3208":" ","3209":" ","3210":" ","3211":" ","3212":" ","3213":" ","3214":" ","3215":" ","3216":" ","3217":"R","3218":"e","3219":"g","3220":"i","3221":"s","3222":"t","3223":"e","3224":"r","3225":"\\","3226":"n","3227":" ","3228":" ","3229":" ","3230":" ","3231":" ","3232":" ","3233":" ","3234":" ","3235":"<","3236":"/","3237":"R","3238":"o","3239":"u","3240":"t","3241":"e","3242":"r","3243":"L","3244":"i","3245":"n","3246":"k","3247":">","3248":"\\","3249":"n","3250":" ","3251":" ","3252":" ","3253":" ","3254":" ","3255":" ","3256":" ","3257":" ","3258":"<","3259":"R","3260":"o","3261":"u","3262":"t","3263":"e","3264":"r","3265":"L","3266":"i","3267":"n","3268":"k","3269":" ","3270":"t","3271":"o","3272":"=","3273":"\\","3274":"\"","3275":"/","3276":"l","3277":"o","3278":"g","3279":"i","3280":"n","3281":"\\","3282":"\"","3283":" ","3284":"v","3285":"-","3286":"i","3287":"f","3288":"=","3289":"\\","3290":"\"","3291":"!","3292":"l","3293":"o","3294":"g","3295":"g","3296":"e","3297":"d","3298":"U","3299":"s","3300":"e","3301":"r","3302":"\\","3303":"\"","3304":" ","3305":"c","3306":"l","3307":"a","3308":"s","3309":"s","3310":"=","3311":"\\","3312":"\"","3313":"b","3314":"t","3315":"n","3316":" ","3317":"b","3318":"t","3319":"n","3320":"-","3321":"p","3322":"r","3323":"i","3324":"m","3325":"a","3326":"r","3327":"y","3328":"\\","3329":"\"","3330":">","3331":"\\","3332":"n","3333":" ","3334":" ","3335":" ","3336":" ","3337":" ","3338":" ","3339":" ","3340":" ","3341":" ","3342":" ","3343":"L","3344":"o","3345":"g","3346":"i","3347":"n","3348":"\\","3349":"n","3350":" ","3351":" ","3352":" ","3353":" ","3354":" ","3355":" ","3356":" ","3357":" ","3358":"<","3359":"/","3360":"R","3361":"o","3362":"u","3363":"t","3364":"e","3365":"r","3366":"L","3367":"i","3368":"n","3369":"k","3370":">","3371":"\\","3372":"n","3373":" ","3374":" ","3375":" ","3376":" ","3377":" ","3378":" ","3379":"<","3380":"/","3381":"d","3382":"i","3383":"v","3384":">","3385":"\\","3386":"n","3387":" ","3388":" ","3389":" ","3390":" ","3391":"<","3392":"/","3393":"d","3394":"i","3395":"v","3396":">","3397":"\\","3398":"n","3399":" ","3400":" ","3401":"<","3402":"/","3403":"n","3404":"a","3405":"v","3406":">","3407":"\\","3408":"n","3409":"<","3410":"/","3411":"t","3412":"e","3413":"m","3414":"p","3415":"l","3416":"a","3417":"t","3418":"e","3419":">","3420":"\\","3421":"n","3422":"\\","3423":"n","3424":"<","3425":"s","3426":"c","3427":"r","3428":"i","3429":"p","3430":"t","3431":" ","3432":"s","3433":"e","3434":"t","3435":"u","3436":"p","3437":">","3438":"\\","3439":"n","3440":"i","3441":"m","3442":"p","3443":"o","3444":"r","3445":"t","3446":" ","3447":"{","3448":" ","3449":"c","3450":"o","3451":"m","3452":"p","3453":"u","3454":"t","3455":"e","3456":"d","3457":" ","3458":"}","3459":" ","3460":"f","3461":"r","3462":"o","3463":"m","3464":" ","3465":"\\","3466":"\"","3467":"v","3468":"u","3469":"e","3470":"\\","3471":"\"","3472":";","3473":"\\","3474":"n","3475":"i","3476":"m","3477":"p","3478":"o","3479":"r","3480":"t","3481":" ","3482":"{","3483":" ","3484":"u","3485":"s","3486":"e","3487":"R","3488":"o","3489":"u","3490":"t","3491":"e","3492":"r","3493":" ","3494":"}","3495":" ","3496":"f","3497":"r","3498":"o","3499":"m","3500":" ","3501":"\\","3502":"\"","3503":"v","3504":"u","3505":"e","3506":"-","3507":"r","3508":"o","3509":"u","3510":"t","3511":"e","3512":"r","3513":"\\","3514":"\"","3515":";","3516":"\\","3517":"n","3518":"i","3519":"m","3520":"p","3521":"o","3522":"r","3523":"t","3524":" ","3525":"{","3526":" ","3527":"u","3528":"s","3529":"e","3530":"U","3531":"s","3532":"e","3533":"r","3534":"S","3535":"t","3536":"o","3537":"r","3538":"e","3539":" ","3540":"}","3541":" ","3542":"f","3543":"r","3544":"o","3545":"m","3546":" ","3547":"\\","3548":"\"","3549":"@","3550":"/","3551":"s","3552":"t","3553":"o","3554":"r","3555":"e","3556":"/","3557":"u","3558":"s","3559":"e","3560":"r","3561":"S","3562":"t","3563":"o","3564":"r","3565":"e","3566":".","3567":"j","3568":"s","3569":"\\","3570":"\"","3571":";","3572":"\\","3573":"n","3574":"\\","3575":"n","3576":"\\","3577":"n","3578":"c","3579":"o","3580":"n","3581":"s","3582":"t","3583":" ","3584":"r","3585":"o","3586":"u","3587":"t","3588":"e","3589":"r","3590":" ","3591":"=","3592":" ","3593":"u","3594":"s","3595":"e","3596":"R","3597":"o","3598":"u","3599":"t","3600":"e","3601":"r","3602":"(","3603":")","3604":";","3605":"\\","3606":"n","3607":"c","3608":"o","3609":"n","3610":"s","3611":"t","3612":" ","3613":"s","3614":"t","3615":"o","3616":"r","3617":"e","3618":" ","3619":"=","3620":" ","3621":"u","3622":"s","3623":"e","3624":"U","3625":"s","3626":"e","3627":"r","3628":"S","3629":"t","3630":"o","3631":"r","3632":"e","3633":"(","3634":")","3635":";","3636":"\\","3637":"n","3638":"\\","3639":"n","3640":"c","3641":"o","3642":"n","3643":"s","3644":"t","3645":" ","3646":"l","3647":"o","3648":"g","3649":"g","3650":"e","3651":"d","3652":"U","3653":"s","3654":"e","3655":"r","3656":" ","3657":"=","3658":" ","3659":"c","3660":"o","3661":"m","3662":"p","3663":"u","3664":"t","3665":"e","3666":"d","3667":"(","3668":"(","3669":")","3670":" ","3671":"=","3672":">","3673":" ","3674":"s","3675":"t","3676":"o","3677":"r","3678":"e","3679":".","3680":"u","3681":"s","3682":"e","3683":"r","3684":")","3685":";","3686":"\\","3687":"n","3688":"c","3689":"o","3690":"n","3691":"s","3692":"t","3693":" ","3694":"i","3695":"s","3696":"A","3697":"u","3698":"t","3699":"h","3700":"e","3701":"n","3702":"t","3703":"i","3704":"c","3705":"a","3706":"t","3707":"e","3708":"d","3709":" ","3710":"=","3711":" ","3712":"c","3713":"o","3714":"m","3715":"p","3716":"u","3717":"t","3718":"e","3719":"d","3720":"(","3721":"(","3722":")","3723":" ","3724":"=","3725":">","3726":" ","3727":"s","3728":"t","3729":"o","3730":"r","3731":"e","3732":".","3733":"i","3734":"s","3735":"A","3736":"d","3737":"m","3738":"i","3739":"n","3740":")","3741":";","3742":"\\","3743":"n","3744":"\\","3745":"n","3746":"c","3747":"o","3748":"n","3749":"s","3750":"t","3751":" ","3752":"l","3753":"o","3754":"g","3755":"o","3756":"u","3757":"t","3758":"U","3759":"s","3760":"e","3761":"r","3762":" ","3763":"=","3764":" ","3765":"(","3766":")","3767":" ","3768":"=","3769":">","3770":" ","3771":"{","3772":"\\","3773":"n","3774":" ","3775":" ","3776":"s","3777":"t","3778":"o","3779":"r","3780":"e","3781":".","3782":"l","3783":"o","3784":"g","3785":"o","3786":"u","3787":"t","3788":"(","3789":")","3790":";","3791":"\\","3792":"n","3793":" ","3794":" ","3795":"r","3796":"o","3797":"u","3798":"t","3799":"e","3800":"r","3801":".","3802":"p","3803":"u","3804":"s","3805":"h","3806":"(","3807":"\\","3808":"\"","3809":"/","3810":"l","3811":"o","3812":"g","3813":"i","3814":"n","3815":"\\","3816":"\"","3817":")","3818":";","3819":"\\","3820":"n","3821":"}","3822":";","3823":"\\","3824":"n","3825":"<","3826":"/","3827":"s","3828":"c","3829":"r","3830":"i","3831":"p","3832":"t","3833":">","3834":"\\","3835":"n","3836":"\\","3837":"n","3838":"<","3839":"s","3840":"t","3841":"y","3842":"l","3843":"e","3844":" ","3845":"l","3846":"a","3847":"n","3848":"g","3849":"=","3850":"\\","3851":"\"","3852":"s","3853":"c","3854":"s","3855":"s","3856":"\\","3857":"\"","3858":" ","3859":"s","3860":"c","3861":"o","3862":"p","3863":"e","3864":"d","3865":">","3866":"\\","3867":"n","3868":".","3869":"c","3870":"o","3871":"n","3872":"t","3873":"a","3874":"i","3875":"n","3876":"e","3877":"r","3878":" ","3879":"{","3880":"\\","3881":"n","3882":" ","3883":" ","3884":"m","3885":"a","3886":"r","3887":"g","3888":"i","3889":"n","3890":":","3891":" ","3892":"1","3893":".","3894":"5","3895":"r","3896":"e","3897":"m","3898":";","3899":"\\","3900":"n","3901":"}","3902":"\\","3903":"n","3904":"\\","3905":"n","3906":"s","3907":"p","3908":"a","3909":"n","3910":" ","3911":"{","3912":"\\","3913":"n","3914":" ","3915":" ","3916":"m","3917":"a","3918":"r","3919":"g","3920":"i","3921":"n","3922":":","3923":" ","3924":"1","3925":"r","3926":"e","3927":"m","3928":";","3929":"\\","3930":"n","3931":"}","3932":"\\","3933":"n","3934":"\\","3935":"n","3936":".","3937":"b","3938":"t","3939":"n","3940":" ","3941":"{","3942":"\\","3943":"n","3944":" ","3945":" ","3946":"m","3947":"a","3948":"r","3949":"g","3950":"i","3951":"n","3952":":","3953":" ","3954":"1","3955":"r","3956":"e","3957":"m","3958":";","3959":"\\","3960":"n","3961":"}","3962":"\\","3963":"n","3964":"<","3965":"/","3966":"s","3967":"t","3968":"y","3969":"l","3970":"e","3971":">","3972":"\\","3973":"n","3974":"\"","3975":"]","3976":"}"},"_coverageSchema":"1a1c01bbd47fc00a2c39e90264f33305004495a9","hash":"50e0145580d835bdd3fa4bff8c565ce005998e36"}
,"/Users/viktoria/Kodar/EventPlanner_Viktoria/src/components/InputField.vue": {"path":"/Users/viktoria/Kodar/EventPlanner_Viktoria/src/components/InputField.vue","statementMap":{"0":{"start":{"line":4,"column":0},"end":{"line":6,"column":3}},"1":{"start":{"line":7,"column":0},"end":{"line":7,"column":28}},"2":{"start":{"line":62,"column":0},"end":{"line":64,"column":3}},"3":{"start":{"line":65,"column":0},"end":{"line":65,"column":24}},"4":{"start":{"line":66,"column":11},"end":{"line":66,"column":25}},"5":{"start":{"line":67,"column":17},"end":{"line":69,"column":1}},"6":{"start":{"line":70,"column":17},"end":{"line":70,"column":24}},"7":{"start":{"line":72,"column":2},"end":{"line":94,"column":38}},"8":{"start":{"line":95,"column":2},"end":{"line":95,"column":49}}},"fnMap":{"0":{"name":"render","decl":{"start":{"line":71,"column":9},"end":{"line":71,"column":15}},"loc":{"start":{"line":71,"column":63},"end":{"line":95,"column":1}},"line":71}},"branchMap":{"0":{"loc":{"start":{"line":75,"column":80},"end":{"line":83,"column":104}},"type":"cond-expr","locations":[{"start":{"line":75,"column":110},"end":{"line":83,"column":58}},{"start":{"line":83,"column":62},"end":{"line":83,"column":104}}],"line":75},"1":{"loc":{"start":{"line":83,"column":106},"end":{"line":91,"column":96}},"type":"cond-expr","locations":[{"start":{"line":83,"column":136},"end":{"line":91,"column":50}},{"start":{"line":91,"column":54},"end":{"line":91,"column":96}}],"line":83}},"s":{"0":1,"1":1,"2":1,"3":1,"4":1,"5":1,"6":1,"7":12,"8":1},"f":{"0":12},"b":{"0":[11,1],"1":[1,11]},"inputSourceMap":{"0":"{","1":"\"","2":"v","3":"e","4":"r","5":"s","6":"i","7":"o","8":"n","9":"\"","10":":","11":"3","12":",","13":"\"","14":"s","15":"o","16":"u","17":"r","18":"c","19":"e","20":"s","21":"\"","22":":","23":"[","24":"\"","25":"/","26":"U","27":"s","28":"e","29":"r","30":"s","31":"/","32":"v","33":"i","34":"k","35":"t","36":"o","37":"r","38":"i","39":"a","40":"/","41":"K","42":"o","43":"d","44":"a","45":"r","46":"/","47":"E","48":"v","49":"e","50":"n","51":"t","52":"P","53":"l","54":"a","55":"n","56":"n","57":"e","58":"r","59":"_","60":"V","61":"i","62":"k","63":"t","64":"o","65":"r","66":"i","67":"a","68":"/","69":"s","70":"r","71":"c","72":"/","73":"c","74":"o","75":"m","76":"p","77":"o","78":"n","79":"e","80":"n","81":"t","82":"s","83":"/","84":"I","85":"n","86":"p","87":"u","88":"t","89":"F","90":"i","91":"e","92":"l","93":"d","94":".","95":"v","96":"u","97":"e","98":"\"","99":"]","100":",","101":"\"","102":"n","103":"a","104":"m","105":"e","106":"s","107":"\"","108":":","109":"[","110":"]","111":",","112":"\"","113":"m","114":"a","115":"p","116":"p","117":"i","118":"n","119":"g","120":"s","121":"\"","122":":","123":"\"","124":";","125":";","126":";","127":";","128":";","129":";","130":";","131":"A","132":"A","133":"0","134":"B","135":"A","136":";","137":"A","138":"A","139":"A","140":"A","141":";","142":"A","143":"A","144":"A","145":"A","146":";","147":"A","148":"A","149":"A","150":"m","151":"D","152":";","153":"A","154":"A","155":"A","156":"A","157":";","158":";","159":";","160":";","161":";","162":";","163":";","164":";","165":";","166":";","167":";","168":";","169":";","170":";","171":";","172":"I","173":"A","174":"E","175":"n","176":"D","177":",","178":"I","179":"A","180":"A","181":"M","182":",","183":"K","184":"A","185":"A","186":"K","187":",","188":"G","189":"A","190":"A","191":"G","192":",","193":"O","194":"A","195":"K","196":"O","197":";","198":"I","199":"A","200":"E","201":"r","202":"B","203":",","204":"I","205":"A","206":"A","207":"M","208":",","209":"I","210":"A","211":"A","212":"I","213":",","214":"G","215":"A","216":"A","217":"G","218":",","219":"M","220":"A","221":"A","222":"M","223":";","224":"I","225":"A","226":"E","227":"n","228":"B","229":",","230":"I","231":"A","232":"A","233":"M","234":",","235":"g","236":"B","237":"A","238":"A","239":"g","240":"B","241":",","242":"G","243":"A","244":"A","245":"G","246":",","247":"S","248":"A","249":"A","250":"n","251":"B","252":",","253":"g","254":"B","255":"A","256":"A","257":"g","258":"B","259":",","260":"C","261":"A","262":"A","263":"I","264":",","265":"K","266":"A","267":"A","268":"K","269":",","270":"E","271":"A","272":"A","273":"K","274":";","275":"M","276":"A","277":"C","278":"l","279":"C","280":",","281":"I","282":"A","283":"A","284":"I","285":",","286":"C","287":"A","288":"A","289":"C","290":",","291":"m","292":"B","293":"A","294":"A","295":"m","296":"B","297":",","298":"E","299":"A","300":"A","301":"E","302":",","303":"K","304":"A","305":"A","306":"K","307":",","308":"C","309":"A","310":"A","311":"C","312":",","313":"M","314":"A","315":"A","316":"M","317":",","318":"C","319":"A","320":"A","321":"C","322":",","323":"K","324":"A","325":"A","326":"K","327":",","328":"C","329":"A","330":"A","331":"C","332":";","333":"I","334":"A","335":"C","336":"/","337":"C","338":",","339":"C","340":"A","341":"A","342":"C","343":"\"","344":",","345":"\"","346":"f","347":"i","348":"l","349":"e","350":"\"","351":":","352":"\"","353":"/","354":"U","355":"s","356":"e","357":"r","358":"s","359":"/","360":"v","361":"i","362":"k","363":"t","364":"o","365":"r","366":"i","367":"a","368":"/","369":"K","370":"o","371":"d","372":"a","373":"r","374":"/","375":"E","376":"v","377":"e","378":"n","379":"t","380":"P","381":"l","382":"a","383":"n","384":"n","385":"e","386":"r","387":"_","388":"V","389":"i","390":"k","391":"t","392":"o","393":"r","394":"i","395":"a","396":"/","397":"s","398":"r","399":"c","400":"/","401":"c","402":"o","403":"m","404":"p","405":"o","406":"n","407":"e","408":"n","409":"t","410":"s","411":"/","412":"I","413":"n","414":"p","415":"u","416":"t","417":"F","418":"i","419":"e","420":"l","421":"d","422":".","423":"v","424":"u","425":"e","426":"\"","427":",","428":"\"","429":"s","430":"o","431":"u","432":"r","433":"c","434":"e","435":"s","436":"C","437":"o","438":"n","439":"t","440":"e","441":"n","442":"t","443":"\"","444":":","445":"[","446":"\"","447":"<","448":"t","449":"e","450":"m","451":"p","452":"l","453":"a","454":"t","455":"e","456":">","457":"\\","458":"n","459":" ","460":" ","461":"<","462":"d","463":"i","464":"v","465":" ","466":"c","467":"l","468":"a","469":"s","470":"s","471":"=","472":"\\","473":"\"","474":"m","475":"b","476":"-","477":"3","478":"\\","479":"\"","480":">","481":"\\","482":"n","483":" ","484":" ","485":" ","486":" ","487":"<","488":"l","489":"a","490":"b","491":"e","492":"l","493":" ","494":":","495":"f","496":"o","497":"r","498":"=","499":"\\","500":"\"","501":"i","502":"n","503":"p","504":"u","505":"t","506":"I","507":"d","508":"\\","509":"\"","510":" ","511":"c","512":"l","513":"a","514":"s","515":"s","516":"=","517":"\\","518":"\"","519":"f","520":"o","521":"r","522":"m","523":"-","524":"l","525":"a","526":"b","527":"e","528":"l","529":"\\","530":"\"","531":">","532":"{","533":"{","534":" ","535":"l","536":"a","537":"b","538":"e","539":"l","540":" ","541":"}","542":"}","543":"<","544":"/","545":"l","546":"a","547":"b","548":"e","549":"l","550":">","551":"\\","552":"n","553":" ","554":" ","555":" ","556":" ","557":"<","558":"F","559":"i","560":"e","561":"l","562":"d","563":"\\","564":"n","565":" ","566":" ","567":" ","568":" ","569":" ","570":" ","571":"v","572":"-","573":"i","574":"f","575":"=","576":"\\","577":"\"","578":"t","579":"y","580":"p","581":"e","582":" ","583":"!","584":"=","585":"=","586":" ","587":"'","588":"t","589":"e","590":"x","591":"t","592":"a","593":"r","594":"e","595":"a","596":"'","597":"\\","598":"\"","599":"\\","600":"n","601":" ","602":" ","603":" ","604":" ","605":" ","606":" ","607":":","608":"t","609":"y","610":"p","611":"e","612":"=","613":"\\","614":"\"","615":"t","616":"y","617":"p","618":"e","619":"\\","620":"\"","621":"\\","622":"n","623":" ","624":" ","625":" ","626":" ","627":" ","628":" ","629":":","630":"i","631":"d","632":"=","633":"\\","634":"\"","635":"i","636":"n","637":"p","638":"u","639":"t","640":"I","641":"d","642":"\\","643":"\"","644":"\\","645":"n","646":" ","647":" ","648":" ","649":" ","650":" ","651":" ","652":":","653":"n","654":"a","655":"m","656":"e","657":"=","658":"\\","659":"\"","660":"i","661":"n","662":"p","663":"u","664":"t","665":"I","666":"d","667":"\\","668":"\"","669":"\\","670":"n","671":" ","672":" ","673":" ","674":" ","675":" ","676":" ","677":":","678":"v","679":"a","680":"l","681":"u","682":"e","683":"=","684":"\\","685":"\"","686":"v","687":"a","688":"l","689":"u","690":"e","691":"\\","692":"\"","693":"\\","694":"n","695":" ","696":" ","697":" ","698":" ","699":" ","700":" ","701":"@","702":"i","703":"n","704":"p","705":"u","706":"t","707":"=","708":"\\","709":"\"","710":"u","711":"p","712":"d","713":"a","714":"t","715":"e","716":"I","717":"n","718":"p","719":"u","720":"t","721":"V","722":"a","723":"l","724":"u","725":"e","726":"\\","727":"\"","728":"\\","729":"n","730":" ","731":" ","732":" ","733":" ","734":" ","735":" ","736":"c","737":"l","738":"a","739":"s","740":"s","741":"=","742":"\\","743":"\"","744":"f","745":"o","746":"r","747":"m","748":"-","749":"c","750":"o","751":"n","752":"t","753":"r","754":"o","755":"l","756":"\\","757":"\"","758":"\\","759":"n","760":" ","761":" ","762":" ","763":" ","764":"/","765":">","766":"\\","767":"n","768":" ","769":" ","770":" ","771":" ","772":"<","773":"F","774":"i","775":"e","776":"l","777":"d","778":"\\","779":"n","780":" ","781":" ","782":" ","783":" ","784":" ","785":" ","786":"v","787":"-","788":"i","789":"f","790":"=","791":"\\","792":"\"","793":"t","794":"y","795":"p","796":"e","797":" ","798":"=","799":"=","800":"=","801":" ","802":"'","803":"t","804":"e","805":"x","806":"t","807":"a","808":"r","809":"e","810":"a","811":"'","812":"\\","813":"\"","814":"\\","815":"n","816":" ","817":" ","818":" ","819":" ","820":" ","821":" ","822":"a","823":"s","824":"=","825":"\\","826":"\"","827":"t","828":"e","829":"x","830":"t","831":"a","832":"r","833":"e","834":"a","835":"\\","836":"\"","837":"\\","838":"n","839":" ","840":" ","841":" ","842":" ","843":" ","844":" ","845":":","846":"i","847":"d","848":"=","849":"\\","850":"\"","851":"i","852":"n","853":"p","854":"u","855":"t","856":"I","857":"d","858":"\\","859":"\"","860":"\\","861":"n","862":" ","863":" ","864":" ","865":" ","866":" ","867":" ","868":":","869":"n","870":"a","871":"m","872":"e","873":"=","874":"\\","875":"\"","876":"i","877":"n","878":"p","879":"u","880":"t","881":"I","882":"d","883":"\\","884":"\"","885":"\\","886":"n","887":" ","888":" ","889":" ","890":" ","891":" ","892":" ","893":":","894":"v","895":"a","896":"l","897":"u","898":"e","899":"=","900":"\\","901":"\"","902":"v","903":"a","904":"l","905":"u","906":"e","907":"\\","908":"\"","909":"\\","910":"n","911":" ","912":" ","913":" ","914":" ","915":" ","916":" ","917":"@","918":"i","919":"n","920":"p","921":"u","922":"t","923":"=","924":"\\","925":"\"","926":"u","927":"p","928":"d","929":"a","930":"t","931":"e","932":"I","933":"n","934":"p","935":"u","936":"t","937":"V","938":"a","939":"l","940":"u","941":"e","942":"\\","943":"\"","944":"\\","945":"n","946":" ","947":" ","948":" ","949":" ","950":" ","951":" ","952":"c","953":"l","954":"a","955":"s","956":"s","957":"=","958":"\\","959":"\"","960":"f","961":"o","962":"r","963":"m","964":"-","965":"c","966":"o","967":"n","968":"t","969":"r","970":"o","971":"l","972":"\\","973":"\"","974":"\\","975":"n","976":" ","977":" ","978":" ","979":" ","980":"/","981":">","982":"\\","983":"n","984":" ","985":" ","986":" ","987":" ","988":"<","989":"E","990":"r","991":"r","992":"o","993":"r","994":"M","995":"e","996":"s","997":"s","998":"a","999":"g","1000":"e","1001":" ","1002":":","1003":"n","1004":"a","1005":"m","1006":"e","1007":"=","1008":"\\","1009":"\"","1010":"i","1011":"n","1012":"p","1013":"u","1014":"t","1015":"I","1016":"d","1017":"\\","1018":"\"","1019":" ","1020":"c","1021":"l","1022":"a","1023":"s","1024":"s","1025":"=","1026":"\\","1027":"\"","1028":"t","1029":"e","1030":"x","1031":"t","1032":"-","1033":"d","1034":"a","1035":"n","1036":"g","1037":"e","1038":"r","1039":"\\","1040":"\"","1041":" ","1042":"/","1043":">","1044":"\\","1045":"n","1046":" ","1047":" ","1048":"<","1049":"/","1050":"d","1051":"i","1052":"v","1053":">","1054":"\\","1055":"n","1056":"<","1057":"/","1058":"t","1059":"e","1060":"m","1061":"p","1062":"l","1063":"a","1064":"t","1065":"e","1066":">","1067":"\\","1068":"n","1069":"\\","1070":"n","1071":"<","1072":"s","1073":"c","1074":"r","1075":"i","1076":"p","1077":"t","1078":" ","1079":"s","1080":"e","1081":"t","1082":"u","1083":"p","1084":">","1085":"\\","1086":"n","1087":"i","1088":"m","1089":"p","1090":"o","1091":"r","1092":"t","1093":" ","1094":"{","1095":" ","1096":"F","1097":"i","1098":"e","1099":"l","1100":"d","1101":",","1102":" ","1103":"E","1104":"r","1105":"r","1106":"o","1107":"r","1108":"M","1109":"e","1110":"s","1111":"s","1112":"a","1113":"g","1114":"e","1115":" ","1116":"}","1117":" ","1118":"f","1119":"r","1120":"o","1121":"m","1122":" ","1123":"\\","1124":"\"","1125":"v","1126":"e","1127":"e","1128":"-","1129":"v","1130":"a","1131":"l","1132":"i","1133":"d","1134":"a","1135":"t","1136":"e","1137":"\\","1138":"\"","1139":";","1140":"\\","1141":"n","1142":"\\","1143":"n","1144":"c","1145":"o","1146":"n","1147":"s","1148":"t","1149":" ","1150":"p","1151":"r","1152":"o","1153":"p","1154":"s","1155":" ","1156":"=","1157":" ","1158":"d","1159":"e","1160":"f","1161":"i","1162":"n","1163":"e","1164":"P","1165":"r","1166":"o","1167":"p","1168":"s","1169":"(","1170":"{","1171":"\\","1172":"n","1173":" ","1174":" ","1175":"l","1176":"a","1177":"b","1178":"e","1179":"l","1180":":","1181":" ","1182":"S","1183":"t","1184":"r","1185":"i","1186":"n","1187":"g","1188":",","1189":"\\","1190":"n","1191":" ","1192":" ","1193":"t","1194":"y","1195":"p","1196":"e","1197":":","1198":" ","1199":"S","1200":"t","1201":"r","1202":"i","1203":"n","1204":"g","1205":",","1206":"\\","1207":"n","1208":" ","1209":" ","1210":"i","1211":"n","1212":"p","1213":"u","1214":"t","1215":"I","1216":"d","1217":":","1218":" ","1219":"S","1220":"t","1221":"r","1222":"i","1223":"n","1224":"g","1225":",","1226":"\\","1227":"n","1228":" ","1229":" ","1230":"v","1231":"a","1232":"l","1233":"u","1234":"e","1235":":","1236":" ","1237":"[","1238":"S","1239":"t","1240":"r","1241":"i","1242":"n","1243":"g","1244":",","1245":" ","1246":"N","1247":"u","1248":"m","1249":"b","1250":"e","1251":"r","1252":",","1253":" ","1254":"D","1255":"a","1256":"t","1257":"e","1258":"]","1259":",","1260":"\\","1261":"n","1262":"}","1263":")","1264":";","1265":"\\","1266":"n","1267":"\\","1268":"n","1269":"c","1270":"o","1271":"n","1272":"s","1273":"t","1274":" ","1275":"e","1276":"m","1277":"i","1278":"t","1279":" ","1280":"=","1281":" ","1282":"d","1283":"e","1284":"f","1285":"i","1286":"n","1287":"e","1288":"E","1289":"m","1290":"i","1291":"t","1292":"s","1293":"(","1294":"[","1295":"\\","1296":"\"","1297":"u","1298":"p","1299":"d","1300":"a","1301":"t","1302":"e","1303":":","1304":"m","1305":"o","1306":"d","1307":"e","1308":"l","1309":"V","1310":"a","1311":"l","1312":"u","1313":"e","1314":"\\","1315":"\"","1316":"]","1317":")","1318":";","1319":"\\","1320":"n","1321":"\\","1322":"n","1323":"c","1324":"o","1325":"n","1326":"s","1327":"t","1328":" ","1329":"u","1330":"p","1331":"d","1332":"a","1333":"t","1334":"e","1335":"I","1336":"n","1337":"p","1338":"u","1339":"t","1340":"V","1341":"a","1342":"l","1343":"u","1344":"e","1345":" ","1346":"=","1347":" ","1348":"(","1349":"e","1350":"v","1351":"e","1352":"n","1353":"t","1354":")","1355":" ","1356":"=","1357":">","1358":" ","1359":"{","1360":"\\","1361":"n","1362":" ","1363":" ","1364":"e","1365":"m","1366":"i","1367":"t","1368":"(","1369":"\\","1370":"\"","1371":"u","1372":"p","1373":"d","1374":"a","1375":"t","1376":"e","1377":":","1378":"m","1379":"o","1380":"d","1381":"e","1382":"l","1383":"V","1384":"a","1385":"l","1386":"u","1387":"e","1388":"\\","1389":"\"","1390":",","1391":" ","1392":"e","1393":"v","1394":"e","1395":"n","1396":"t","1397":".","1398":"t","1399":"a","1400":"r","1401":"g","1402":"e","1403":"t","1404":".","1405":"v","1406":"a","1407":"l","1408":"u","1409":"e","1410":")","1411":";","1412":"\\","1413":"n","1414":"}","1415":";","1416":"\\","1417":"n","1418":"<","1419":"/","1420":"s","1421":"c","1422":"r","1423":"i","1424":"p","1425":"t","1426":">","1427":"\\","1428":"n","1429":"\"","1430":"]","1431":"}"},"_coverageSchema":"1a1c01bbd47fc00a2c39e90264f33305004495a9","hash":"dd148a7eb6a7369ca73496e388487bcead447042"}
,"/Users/viktoria/Kodar/EventPlanner_Viktoria/src/components/Modal.vue": {"path":"/Users/viktoria/Kodar/EventPlanner_Viktoria/src/components/Modal.vue","statementMap":{"0":{"start":{"line":4,"column":0},"end":{"line":6,"column":3}},"1":{"start":{"line":7,"column":0},"end":{"line":7,"column":28}},"2":{"start":{"line":8,"column":15},"end":{"line":50,"column":1}},"3":{"start":{"line":26,"column":4},"end":{"line":26,"column":15}},"4":{"start":{"line":32,"column":15},"end":{"line":32,"column":21}},"5":{"start":{"line":33,"column":21},"end":{"line":35,"column":5}},"6":{"start":{"line":34,"column":6},"end":{"line":34,"column":19}},"7":{"start":{"line":36,"column":23},"end":{"line":38,"column":5}},"8":{"start":{"line":37,"column":6},"end":{"line":37,"column":21}},"9":{"start":{"line":39,"column":23},"end":{"line":43,"column":5}},"10":{"start":{"line":44,"column":4},"end":{"line":47,"column":7}},"11":{"start":{"line":48,"column":4},"end":{"line":48,"column":24}},"12":{"start":{"line":53,"column":0},"end":{"line":55,"column":3}},"13":{"start":{"line":56,"column":0},"end":{"line":56,"column":24}},"14":{"start":{"line":57,"column":11},"end":{"line":57,"column":25}},"15":{"start":{"line":58,"column":17},"end":{"line":63,"column":1}},"16":{"start":{"line":64,"column":17},"end":{"line":67,"column":1}},"17":{"start":{"line":68,"column":17},"end":{"line":70,"column":1}},"18":{"start":{"line":71,"column":17},"end":{"line":73,"column":1}},"19":{"start":{"line":74,"column":17},"end":{"line":74,"column":23}},"20":{"start":{"line":75,"column":30},"end":{"line":77,"column":25}},"21":{"start":{"line":78,"column":17},"end":{"line":78,"column":29}},"22":{"start":{"line":79,"column":17},"end":{"line":81,"column":1}},"23":{"start":{"line":83,"column":2},"end":{"line":100,"column":25}},"24":{"start":{"line":101,"column":2},"end":{"line":101,"column":49}}},"fnMap":{"0":{"name":"setup","decl":{"start":{"line":22,"column":18},"end":{"line":22,"column":23}},"loc":{"start":{"line":22,"column":39},"end":{"line":49,"column":3}},"line":22},"1":{"name":"handleSave","decl":{"start":{"line":33,"column":30},"end":{"line":33,"column":40}},"loc":{"start":{"line":33,"column":43},"end":{"line":35,"column":5}},"line":33},"2":{"name":"handleCancel","decl":{"start":{"line":36,"column":32},"end":{"line":36,"column":44}},"loc":{"start":{"line":36,"column":47},"end":{"line":38,"column":5}},"line":36},"3":{"name":"render","decl":{"start":{"line":82,"column":9},"end":{"line":82,"column":15}},"loc":{"start":{"line":82,"column":63},"end":{"line":101,"column":1}},"line":82}},"branchMap":{},"s":{"0":1,"1":1,"2":1,"3":4,"4":4,"5":4,"6":1,"7":4,"8":1,"9":4,"10":4,"11":4,"12":1,"13":1,"14":1,"15":1,"16":1,"17":1,"18":1,"19":1,"20":1,"21":1,"22":1,"23":4,"24":1},"f":{"0":4,"1":1,"2":1,"3":4},"b":{},"inputSourceMap":{"0":"{","1":"\"","2":"v","3":"e","4":"r","5":"s","6":"i","7":"o","8":"n","9":"\"","10":":","11":"3","12":",","13":"\"","14":"s","15":"o","16":"u","17":"r","18":"c","19":"e","20":"s","21":"\"","22":":","23":"[","24":"\"","25":"/","26":"U","27":"s","28":"e","29":"r","30":"s","31":"/","32":"v","33":"i","34":"k","35":"t","36":"o","37":"r","38":"i","39":"a","40":"/","41":"K","42":"o","43":"d","44":"a","45":"r","46":"/","47":"E","48":"v","49":"e","50":"n","51":"t","52":"P","53":"l","54":"a","55":"n","56":"n","57":"e","58":"r","59":"_","60":"V","61":"i","62":"k","63":"t","64":"o","65":"r","66":"i","67":"a","68":"/","69":"s","70":"r","71":"c","72":"/","73":"c","74":"o","75":"m","76":"p","77":"o","78":"n","79":"e","80":"n","81":"t","82":"s","83":"/","84":"M","85":"o","86":"d","87":"a","88":"l","89":".","90":"v","91":"u","92":"e","93":"\"","94":"]","95":",","96":"\"","97":"n","98":"a","99":"m","100":"e","101":"s","102":"\"","103":":","104":"[","105":"]","106":",","107":"\"","108":"m","109":"a","110":"p","111":"p","112":"i","113":"n","114":"g","115":"s","116":"\"","117":":","118":"\"","119":";","120":";","121":";","122":";","123":";","124":";","125":";","126":";","127":";","128":";","129":";","130":";","131":";","132":";","133":";","134":";","135":";","136":";","137":";","138":";","139":";","140":";","141":";","142":";","143":";","144":";","145":"I","146":"A","147":"2","148":"B","149":"A","150":";","151":"M","152":"A","153":"A","154":"A","155":";","156":"M","157":"A","158":"A","159":"Q","160":",","161":"K","162":"A","163":"A","164":"K","165":",","166":"G","167":"A","168":"A","169":"c","170":",","171":"O","172":"A","173":"S","174":"O","175":",","176":"C","177":"A","178":"T","179":"1","180":"B","181":",","182":"K","183":"A","184":"A","185":"K","186":";","187":"M","188":"A","189":"A","190":"A","191":";","192":"M","193":"A","194":"A","195":"E","196":",","197":"O","198":"A","199":"A","200":"O","201":",","202":"G","203":"A","204":"A","205":"K","206":",","207":"O","208":"A","209":"S","210":"O","211":",","212":"C","213":"A","214":"T","215":"n","216":"B","217":",","218":"O","219":"A","220":"A","221":"O","222":";","223":"I","224":"A","225":"W","226":"t","227":"B","228":",","229":"I","230":"A","231":"A","232":"M","233":",","234":"I","235":"A","236":"A","237":"I","238":",","239":"G","240":"A","241":"A","242":"G","243":",","244":"M","245":"A","246":"A","247":"M","248":";","249":"I","250":"A","251":"E","252":"n","253":"B","254":",","255":"I","256":"A","257":"A","258":"M","259":",","260":"U","261":"A","262":"A","263":"U","264":",","265":"G","266":"A","267":"A","268":"G","269":",","270":"S","271":"A","272":"A","273":"b","274":",","275":"U","276":"A","277":"A","278":"U","279":",","280":"G","281":"A","282":"A","283":"S","284":";","285":"M","286":"A","287":"C","288":"v","289":"B","290":",","291":"I","292":"A","293":"A","294":"I","295":",","296":"C","297":"A","298":"A","299":"C","300":",","301":"M","302":"A","303":"A","304":"M","305":",","306":"C","307":"A","308":"A","309":"C","310":";","311":"I","312":"A","313":"C","314":"d","315":",","316":"C","317":"A","318":"A","319":"C","320":";","321":"I","322":"A","323":"E","324":"D","325":",","326":"I","327":"A","328":"A","329":"M","330":",","331":"Y","332":"A","333":"A","334":"Y","335":",","336":"G","337":"A","338":"A","339":"G","340":",","341":"S","342":"A","343":"A","344":"f","345":",","346":"Y","347":"A","348":"A","349":"Y","350":",","351":"G","352":"A","353":"A","354":"S","355":";","356":"M","357":"A","358":"C","359":"z","360":"B","361":",","362":"I","363":"A","364":"A","365":"I","366":",","367":"C","368":"A","369":"A","370":"C","371":",","372":"Q","373":"A","374":"A","375":"Q","376":",","377":"C","378":"A","379":"A","380":"C","381":";","382":"I","383":"A","384":"C","385":"h","386":"B","387":",","388":"C","389":"A","390":"A","391":"C","392":"\"","393":",","394":"\"","395":"f","396":"i","397":"l","398":"e","399":"\"","400":":","401":"\"","402":"/","403":"U","404":"s","405":"e","406":"r","407":"s","408":"/","409":"v","410":"i","411":"k","412":"t","413":"o","414":"r","415":"i","416":"a","417":"/","418":"K","419":"o","420":"d","421":"a","422":"r","423":"/","424":"E","425":"v","426":"e","427":"n","428":"t","429":"P","430":"l","431":"a","432":"n","433":"n","434":"e","435":"r","436":"_","437":"V","438":"i","439":"k","440":"t","441":"o","442":"r","443":"i","444":"a","445":"/","446":"s","447":"r","448":"c","449":"/","450":"c","451":"o","452":"m","453":"p","454":"o","455":"n","456":"e","457":"n","458":"t","459":"s","460":"/","461":"M","462":"o","463":"d","464":"a","465":"l","466":".","467":"v","468":"u","469":"e","470":"\"","471":",","472":"\"","473":"s","474":"o","475":"u","476":"r","477":"c","478":"e","479":"s","480":"C","481":"o","482":"n","483":"t","484":"e","485":"n","486":"t","487":"\"","488":":","489":"[","490":"\"","491":"<","492":"t","493":"e","494":"m","495":"p","496":"l","497":"a","498":"t","499":"e","500":">","501":"\\","502":"n","503":" ","504":" ","505":"<","506":"d","507":"i","508":"v","509":" ","510":"c","511":"l","512":"a","513":"s","514":"s","515":"=","516":"\\","517":"\"","518":"m","519":"o","520":"d","521":"a","522":"l","523":" ","524":"s","525":"h","526":"o","527":"w","528":"\\","529":"\"","530":" ","531":"s","532":"t","533":"y","534":"l","535":"e","536":"=","537":"\\","538":"\"","539":"d","540":"i","541":"s","542":"p","543":"l","544":"a","545":"y","546":":","547":" ","548":"b","549":"l","550":"o","551":"c","552":"k","553":"\\","554":"\"","555":">","556":"\\","557":"n","558":" ","559":" ","560":" ","561":" ","562":"<","563":"d","564":"i","565":"v","566":" ","567":"c","568":"l","569":"a","570":"s","571":"s","572":"=","573":"\\","574":"\"","575":"m","576":"o","577":"d","578":"a","579":"l","580":"-","581":"d","582":"i","583":"a","584":"l","585":"o","586":"g","587":"\\","588":"\"","589":" ","590":"r","591":"o","592":"l","593":"e","594":"=","595":"\\","596":"\"","597":"d","598":"o","599":"c","600":"u","601":"m","602":"e","603":"n","604":"t","605":"\\","606":"\"","607":">","608":"\\","609":"n","610":" ","611":" ","612":" ","613":" ","614":" ","615":" ","616":"<","617":"d","618":"i","619":"v","620":" ","621":"c","622":"l","623":"a","624":"s","625":"s","626":"=","627":"\\","628":"\"","629":"m","630":"o","631":"d","632":"a","633":"l","634":"-","635":"c","636":"o","637":"n","638":"t","639":"e","640":"n","641":"t","642":"\\","643":"\"","644":">","645":"\\","646":"n","647":" ","648":" ","649":" ","650":" ","651":" ","652":" ","653":" ","654":" ","655":"<","656":"d","657":"i","658":"v","659":" ","660":"c","661":"l","662":"a","663":"s","664":"s","665":"=","666":"\\","667":"\"","668":"m","669":"o","670":"d","671":"a","672":"l","673":"-","674":"h","675":"e","676":"a","677":"d","678":"e","679":"r","680":"\\","681":"\"","682":">","683":"\\","684":"n","685":" ","686":" ","687":" ","688":" ","689":" ","690":" ","691":" ","692":" ","693":" ","694":" ","695":"<","696":"h","697":"5","698":" ","699":"c","700":"l","701":"a","702":"s","703":"s","704":"=","705":"\\","706":"\"","707":"m","708":"o","709":"d","710":"a","711":"l","712":"-","713":"t","714":"i","715":"t","716":"l","717":"e","718":"\\","719":"\"","720":" ","721":":","722":"i","723":"d","724":"=","725":"\\","726":"\"","727":"m","728":"o","729":"d","730":"a","731":"l","732":"I","733":"d","734":"\\","735":"\"","736":">","737":"{","738":"{","739":" ","740":"t","741":"i","742":"t","743":"l","744":"e","745":" ","746":"}","747":"}","748":"<","749":"/","750":"h","751":"5","752":">","753":"\\","754":"n","755":" ","756":" ","757":" ","758":" ","759":" ","760":" ","761":" ","762":" ","763":" ","764":" ","765":"<","766":"b","767":"u","768":"t","769":"t","770":"o","771":"n","772":" ","773":"t","774":"y","775":"p","776":"e","777":"=","778":"\\","779":"\"","780":"b","781":"u","782":"t","783":"t","784":"o","785":"n","786":"\\","787":"\"","788":" ","789":"c","790":"l","791":"a","792":"s","793":"s","794":"=","795":"\\","796":"\"","797":"c","798":"l","799":"o","800":"s","801":"e","802":"\\","803":"\"","804":" ","805":"@","806":"c","807":"l","808":"i","809":"c","810":"k","811":"=","812":"\\","813":"\"","814":"h","815":"a","816":"n","817":"d","818":"l","819":"e","820":"C","821":"a","822":"n","823":"c","824":"e","825":"l","826":"\\","827":"\"","828":">","829":"\\","830":"n","831":" ","832":" ","833":" ","834":" ","835":" ","836":" ","837":" ","838":" ","839":" ","840":" ","841":" ","842":" ","843":"<","844":"s","845":"p","846":"a","847":"n","848":" ","849":"a","850":"r","851":"i","852":"a","853":"-","854":"h","855":"i","856":"d","857":"d","858":"e","859":"n","860":"=","861":"\\","862":"\"","863":"t","864":"r","865":"u","866":"e","867":"\\","868":"\"","869":">","870":"&","871":"t","872":"i","873":"m","874":"e","875":"s","876":";","877":"<","878":"/","879":"s","880":"p","881":"a","882":"n","883":">","884":"\\","885":"n","886":" ","887":" ","888":" ","889":" ","890":" ","891":" ","892":" ","893":" ","894":" ","895":" ","896":"<","897":"/","898":"b","899":"u","900":"t","901":"t","902":"o","903":"n","904":">","905":"\\","906":"n","90
[...]
1290":"r","1291":"e","1292":"d","1293":"T","1294":"i","1295":"m","1296":"e","1297":"z","1298":"o","1299":"n","1300":"e","1301":"s","1302":"\\","1303":"\"","1304":" ","1305":"@","1306":"c","1307":"l","1308":"i","1309":"c","1310":"k","1311":"=","1312":"\\","1313":"\"","1314":"s","1315":"e","1316":"l","1317":"e","1318":"c","1319":"t","1320":"T","1321":"i","1322":"m","1323":"e","1324":"z","1325":"o","1326":"n","1327":"e","1328":"(","1329":"t","1330":"z","1331":")","1332":"\\","1333":"\"","1334":" ","1335":":","1336":"k","1337":"e","1338":"y","1339":"=","1340":"\\","1341":"\"","1342":"t","1343":"z","1344":"\\","1345":"\"","1346":">","1347":"\\","1348":"n","1349":" ","1350":" ","1351":" ","1352":" ","1353":" ","1354":" ","1355":" ","1356":" ","1357":"{","1358":"{","1359":" ","1360":"t","1361":"z","1362":" ","1363":"}","1364":"}","1365":"\\","1366":"n","1367":" ","1368":" ","1369":" ","1370":" ","1371":" ","1372":" ","1373":"<","1374":"/","1375":"l","1376":"i","1377":">","1378":"\\","1379":"n","1380":" ","1381":" ","1382":" ","1383":" ","1384":"<","1385":"/","1386":"u","1387":"l","1388":">","1389":"\\","1390":"n","1391":" ","1392":" ","1393":"<","1394":"/","1395":"d","1396":"i","1397":"v","1398":">","1399":"\\","1400":"n","1401":"<","1402":"/","1403":"t","1404":"e","1405":"m","1406":"p","1407":"l","1408":"a","1409":"t","1410":"e","1411":">","1412":"\\","1413":"n","1414":"\\","1415":"n","1416":"<","1417":"s","1418":"c","1419":"r","1420":"i","1421":"p","1422":"t","1423":" ","1424":"s","1425":"e","1426":"t","1427":"u","1428":"p","1429":">","1430":"\\","1431":"n","1432":"i","1433":"m","1434":"p","1435":"o","1436":"r","1437":"t","1438":" ","1439":"{","1440":" ","1441":"r","1442":"e","1443":"f","1444":",","1445":" ","1446":"c","1447":"o","1448":"m","1449":"p","1450":"u","1451":"t","1452":"e","1453":"d","1454":" ","1455":"}","1456":" ","1457":"f","1458":"r","1459":"o","1460":"m","1461":" ","1462":"\\","1463":"\"","1464":"v","1465":"u","1466":"e","1467":"\\","1468":"\"","1469":";","1470":"\\","1471":"n","1472":"i","1473":"m","1474":"p","1475":"o","1476":"r","1477":"t","1478":" ","1479":"{","1480":" ","1481":"t","1482":"i","1483":"m","1484":"e","1485":"z","1486":"o","1487":"n","1488":"e","1489":"s","1490":" ","1491":"}","1492":" ","1493":"f","1494":"r","1495":"o","1496":"m","1497":" ","1498":"\\","1499":"\"","1500":"@","1501":"/","1502":"u","1503":"t","1504":"i","1505":"l","1506":"s","1507":"/","1508":"c","1509":"o","1510":"n","1511":"s","1512":"t","1513":"a","1514":"n","1515":"t","1516":"s","1517":".","1518":"j","1519":"s","1520":"\\","1521":"\"","1522":";","1523":"\\","1524":"n","1525":"\\","1526":"n","1527":"c","1528":"o","1529":"n","1530":"s","1531":"t","1532":" ","1533":"t","1534":"i","1535":"m","1536":"e","1537":"z","1538":"o","1539":"n","1540":"e","1541":" ","1542":"=","1543":" ","1544":"r","1545":"e","1546":"f","1547":"(","1548":"\\","1549":"\"","1550":"\\","1551":"\"","1552":")","1553":";","1554":"\\","1555":"n","1556":"c","1557":"o","1558":"n","1559":"s","1560":"t","1561":" ","1562":"i","1563":"s","1564":"V","1565":"i","1566":"s","1567":"i","1568":"b","1569":"l","1570":"e","1571":" ","1572":"=","1573":" ","1574":"r","1575":"e","1576":"f","1577":"(","1578":"f","1579":"a","1580":"l","1581":"s","1582":"e","1583":")","1584":";","1585":"\\","1586":"n","1587":"c","1588":"o","1589":"n","1590":"s","1591":"t","1592":" ","1593":"e","1594":"m","1595":"i","1596":"t","1597":" ","1598":"=","1599":" ","1600":"d","1601":"e","1602":"f","1603":"i","1604":"n","1605":"e","1606":"E","1607":"m","1608":"i","1609":"t","1610":"s","1611":"(","1612":"[","1613":"\\","1614":"\"","1615":"s","1616":"e","1617":"l","1618":"e","1619":"c","1620":"t","1621":"e","1622":"d","1623":"\\","1624":"\"","1625":"]","1626":")","1627":";","1628":"\\","1629":"n","1630":"\\","1631":"n","1632":"c","1633":"o","1634":"n","1635":"s","1636":"t","1637":" ","1638":"f","1639":"i","1640":"l","1641":"t","1642":"e","1643":"r","1644":"e","1645":"d","1646":"T","1647":"i","1648":"m","1649":"e","1650":"z","1651":"o","1652":"n","1653":"e","1654":"s","1655":" ","1656":"=","1657":" ","1658":"c","1659":"o","1660":"m","1661":"p","1662":"u","1663":"t","1664":"e","1665":"d","1666":"(","1667":"(","1668":")","1669":" ","1670":"=","1671":">","1672":" ","1673":"{","1674":"\\","1675":"n","1676":" ","1677":" ","1678":"r","1679":"e","1680":"t","1681":"u","1682":"r","1683":"n","1684":" ","1685":"t","1686":"i","1687":"m","1688":"e","1689":"z","1690":"o","1691":"n","1692":"e","1693":"s","1694":".","1695":"f","1696":"i","1697":"l","1698":"t","1699":"e","1700":"r","1701":"(","1702":"(","1703":"t","1704":"z","1705":")","1706":" ","1707":"=","1708":">","1709":"\\","1710":"n","1711":" ","1712":" ","1713":" ","1714":" ","1715":"t","1716":"z","1717":".","1718":"t","1719":"o","1720":"L","1721":"o","1722":"w","1723":"e","1724":"r","1725":"C","1726":"a","1727":"s","1728":"e","1729":"(","1730":")","1731":".","1732":"i","1733":"n","1734":"c","1735":"l","1736":"u","1737":"d","1738":"e","1739":"s","1740":"(","1741":"t","1742":"i","1743":"m","1744":"e","1745":"z","1746":"o","1747":"n","1748":"e","1749":".","1750":"v","1751":"a","1752":"l","1753":"u","1754":"e","1755":".","1756":"t","1757":"o","1758":"L","1759":"o","1760":"w","1761":"e","1762":"r","1763":"C","1764":"a","1765":"s","1766":"e","1767":"(","1768":")","1769":")","1770":"\\","1771":"n","1772":" ","1773":" ","1774":")","1775":";","1776":"\\","1777":"n","1778":"}","1779":")","1780":";","1781":"\\","1782":"n","1783":"\\","1784":"n","1785":"c","1786":"o","1787":"n","1788":"s","1789":"t","1790":" ","1791":"f","1792":"i","1793":"l","1794":"t","1795":"e","1796":"r","1797":"T","1798":"i","1799":"m","1800":"e","1801":"z","1802":"o","1803":"n","1804":"e","1805":"s","1806":" ","1807":"=","1808":" ","1809":"(","1810":")","1811":" ","1812":"=","1813":">","1814":" ","1815":"{","1816":"\\","1817":"n","1818":" ","1819":" ","1820":"i","1821":"s","1822":"V","1823":"i","1824":"s","1825":"i","1826":"b","1827":"l","1828":"e","1829":".","1830":"v","1831":"a","1832":"l","1833":"u","1834":"e","1835":" ","1836":"=","1837":" ","1838":"t","1839":"r","1840":"u","1841":"e","1842":";","1843":"\\","1844":"n","1845":"}","1846":";","1847":"\\","1848":"n","1849":"\\","1850":"n","1851":"c","1852":"o","1853":"n","1854":"s","1855":"t","1856":" ","1857":"s","1858":"e","1859":"l","1860":"e","1861":"c","1862":"t","1863":"T","1864":"i","1865":"m","1866":"e","1867":"z","1868":"o","1869":"n","1870":"e","1871":" ","1872":"=","1873":" ","1874":"(","1875":"t","1876":"z","1877":")","1878":" ","1879":"=","1880":">","1881":" ","1882":"{","1883":"\\","1884":"n","1885":" ","1886":" ","1887":"t","1888":"i","1889":"m","1890":"e","1891":"z","1892":"o","1893":"n","1894":"e","1895":".","1896":"v","1897":"a","1898":"l","1899":"u","1900":"e","1901":" ","1902":"=","1903":" ","1904":"t","1905":"z","1906":";","1907":"\\","1908":"n","1909":" ","1910":" ","1911":"i","1912":"s","1913":"V","1914":"i","1915":"s","1916":"i","1917":"b","1918":"l","1919":"e","1920":".","1921":"v","1922":"a","1923":"l","1924":"u","1925":"e","1926":" ","1927":"=","1928":" ","1929":"f","1930":"a","1931":"l","1932":"s","1933":"e","1934":";","1935":"\\","1936":"n","1937":" ","1938":" ","1939":"e","1940":"m","1941":"i","1942":"t","1943":"(","1944":"\\","1945":"\"","1946":"s","1947":"e","1948":"l","1949":"e","1950":"c","1951":"t","1952":"e","1953":"d","1954":"\\","1955":"\"","1956":",","1957":" ","1958":"t","1959":"z","1960":")","1961":";","1962":"\\","1963":"n","1964":"}","1965":";","1966":"\\","1967":"n","1968":"<","1969":"/","1970":"s","1971":"c","1972":"r","1973":"i","1974":"p","1975":"t","1976":">","1977":"\\","1978":"n","1979":"\\","1980":"n","1981":"<","1982":"s","1983":"t","1984":"y","1985":"l","1986":"e","1987":" ","1988":"l","1989":"a","1990":"n","1991":"g","1992":"=","1993":"\\","1994":"\"","1995":"s","1996":"c","1997":"s","1998":"s","1999":"\\","2000":"\"","2001":" ","2002":"s","2003":"c","2004":"o","2005":"p","2006":"e","2007":"d","2008":">","2009":"\\","2010":"n","2011":".","2012":"t","2013":"z","2014":"-","2015":"l","2016":"i","2017":"s","2018":"t","2019":" ","2020":"{","2021":"\\","2022":"n","2023":" ","2024":" ","2025":"l","2026":"i","2027":"s","2028":"t","2029":"-","2030":"s","2031":"t","2032":"y","2033":"l","2034":"e","2035":":","2036":" ","2037":"n","2038":"o","2039":"n","2040":"e","2041":";","2042":"\\","2043":"n","2044":" ","2045":" ","2046":"p","2047":"a","2048":"d","2049":"d","2050":"i","2051":"n","2052":"g","2053":":","2054":" ","2055":"0","2056":";","2057":"\\","2058":"n","2059":" ","2060":" ","2061":"m","2062":"a","2063":"r","2064":"g","2065":"i","2066":"n","2067":":","2068":" ","2069":"0","2070":";","2071":"\\","2072":"n","2073":" ","2074":" ","2075":"b","2076":"o","2077":"r","2078":"d","2079":"e","2080":"r","2081":":","2082":" ","2083":"1","2084":"p","2085":"x","2086":" ","2087":"s","2088":"o","2089":"l","2090":"i","2091":"d","2092":" ","2093":"#","2094":"c","2095":"c","2096":"c","2097":";","2098":"\\","2099":"n","2100":" ","2101":" ","2102":"b","2103":"o","2104":"r","2105":"d","2106":"e","2107":"r","2108":"-","2109":"t","2110":"o","2111":"p","2112":":","2113":" ","2114":"n","2115":"o","2116":"n","2117":"e","2118":";","2119":"\\","2120":"n","2121":" ","2122":" ","2123":"m","2124":"a","2125":"x","2126":"-","2127":"h","2128":"e","2129":"i","2130":"g","2131":"h","2132":"t","2133":":","2134":" ","2135":"9","2136":".","2137":"2","2138":"5","2139":"r","2140":"e","2141":"m","2142":";","2143":"\\","2144":"n","2145":" ","2146":" ","2147":"o","2148":"v","2149":"e","2150":"r","2151":"f","2152":"l","2153":"o","2154":"w","2155":"-","2156":"y","2157":":","2158":" ","2159":"a","2160":"u","2161":"t","2162":"o","2163":";","2164":"\\","2165":"n","2166":"}","2167":"\\","2168":"n","2169":"\\","2170":"n","2171":".","2172":"t","2173":"z","2174":"-","2175":"l","2176":"i","2177":"s","2178":"t","2179":" ","2180":"l","2181":"i","2182":" ","2183":"{","2184":"\\","2185":"n","2186":" ","2187":" ","2188":"p","2189":"a","2190":"d","2191":"d","2192":"i","2193":"n","2194":"g","2195":":","2196":" ","2197":"0","2198":".","2199":"5","2200":"r","2201":"e","2202":"m","2203":";","2204":"\\","2205":"n","2206":" ","2207":" ","2208":"c","2209":"u","2210":"r","2211":"s","2212":"o","2213":"r","2214":":","2215":" ","2216":"p","2217":"o","2218":"i","2219":"n","2220":"t","2221":"e","2222":"r","2223":";","2224":"\\","2225":"n","2226":"}","2227":"\\","2228":"n","2229":"\\","2230":"n","2231":".","2232":"t","2233":"z","2234":"-","2235":"l","2236":"i","2237":"s","2238":"t","2239":" ","2240":"l","2241":"i","2242":":","2243":"h","2244":"o","2245":"v","2246":"e","2247":"r","2248":" ","2249":"{","2250":"\\","2251":"n","2252":" ","2253":" ","2254":"b","2255":"a","2256":"c","2257":"k","2258":"g","2259":"r","2260":"o","2261":"u","2262":"n","2263":"d","2264":"-","2265":"c","2266":"o","2267":"l","2268":"o","2269":"r","2270":":","2271":" ","2272":"#","2273":"c","2274":"c","2275":"c","2276":";","2277":"\\","2278":"n","2279":"}","2280":"\\","2281":"n","2282":"<","2283":"/","2284":"s","2285":"t","2286":"y","2287":"l","2288":"e","2289":">","2290":"\\","2291":"n","2292":"\"","2293":"]","2294":"}"},"_coverageSchema":"1a1c01bbd47fc00a2c39e90264f33305004495a9","hash":"b87f23a3f35396971aaa545690604cda35bb79fd"}
,"/Users/viktoria/Kodar/EventPlanner_Viktoria/src/services/userAuthentication.js": {"path":"/Users/viktoria/Kodar/EventPlanner_Viktoria/src/services/userAuthentication.js","statementMap":{"0":{"start":{"line":3,"column":27},"end":{"line":76,"column":1}},"1":{"start":{"line":5,"column":4},"end":{"line":25,"column":5}},"2":{"start":{"line":6,"column":29},"end":{"line":9,"column":7}},"3":{"start":{"line":11,"column":6},"end":{"line":21,"column":7}},"4":{"start":{"line":12,"column":8},"end":{"line":20,"column":13}},"5":{"start":{"line":23,"column":6},"end":{"line":23,"column":48}},"6":{"start":{"line":24,"column":6},"end":{"line":24,"column":18}},"7":{"start":{"line":29,"column":4},"end":{"line":44,"column":5}},"8":{"start":{"line":30,"column":22},"end":{"line":33,"column":14}},"9":{"start":{"line":34,"column":6},"end":{"line":40,"column":7}},"10":{"start":{"line":35,"column":22},"end":{"line":35,"column":34}},"11":{"start":{"line":36,"column":8},"end":{"line":36,"column":26}},"12":{"start":{"line":38,"column":8},"end":{"line":38,"column":53}},"13":{"start":{"line":39,"column":8},"end":{"line":39,"column":20}},"14":{"start":{"line":42,"column":6},"end":{"line":42,"column":58}},"15":{"start":{"line":43,"column":6},"end":{"line":43,"column":18}},"16":{"start":{"line":48,"column":4},"end":{"line":53,"column":5}},"17":{"start":{"line":49,"column":6},"end":{"line":49,"column":64}},"18":{"start":{"line":51,"column":6},"end":{"line":51,"column":48}},"19":{"start":{"line":52,"column":6},"end":{"line":52,"column":18}},"20":{"start":{"line":57,"column":4},"end":{"line":57,"column":28}},"21":{"start":{"line":61,"column":26},"end":{"line":64,"column":12}},"22":{"start":{"line":66,"column":16},"end":{"line":66,"column":37}},"23":{"start":{"line":67,"column":4},"end":{"line":74,"column":5}},"24":{"start":{"line":68,"column":6},"end":{"line":71,"column":9}},"25":{"start":{"line":73,"column":6},"end":{"line":73,"column":52}}},"fnMap":{"0":{"name":"(anonymous_0)","decl":{"start":{"line":4,"column":2},"end":{"line":4,"column":3}},"loc":{"start":{"line":4,"column":33},"end":{"line":26,"column":3}},"line":4},"1":{"name":"(anonymous_1)","decl":{"start":{"line":28,"column":2},"end":{"line":28,"column":3}},"loc":{"start":{"line":28,"column":23},"end":{"line":45,"column":3}},"line":28},"2":{"name":"(anonymous_2)","decl":{"start":{"line":47,"column":2},"end":{"line":47,"column":3}},"loc":{"start":{"line":47,"column":31},"end":{"line":54,"column":3}},"line":47},"3":{"name":"(anonymous_3)","decl":{"start":{"line":56,"column":2},"end":{"line":56,"column":3}},"loc":{"start":{"line":56,"column":17},"end":{"line":58,"column":3}},"line":56},"4":{"name":"(anonymous_4)","decl":{"start":{"line":60,"column":2},"end":{"line":60,"column":3}},"loc":{"start":{"line":60,"column":23},"end":{"line":75,"column":3}},"line":60}},"branchMap":{"0":{"loc":{"start":{"line":11,"column":6},"end":{"line":21,"column":7}},"type":"if","locations":[{"start":{"line":11,"column":6},"end":{"line":21,"column":7}},{"start":{},"end":{}}],"line":11},"1":{"loc":{"start":{"line":11,"column":10},"end":{"line":11,"column":47}},"type":"binary-expr","locations":[{"start":{"line":11,"column":10},"end":{"line":11,"column":24}},{"start":{"line":11,"column":28},"end":{"line":11,"column":47}}],"line":11},"2":{"loc":{"start":{"line":34,"column":6},"end":{"line":40,"column":7}},"type":"if","locations":[{"start":{"line":34,"column":6},"end":{"line":40,"column":7}},{"start":{"line":37,"column":13},"end":{"line":40,"column":7}}],"line":34}},"s":{"0":1,"1":0,"2":0,"3":0,"4":0,"5":0,"6":0,"7":0,"8":0,"9":0,"10":0,"11":0,"12":0,"13":0,"14":0,"15":0,"16":0,"17":0,"18":0,"19":0,"20":0,"21":0,"22":0,"23":0,"24":0,"25":0},"f":{"0":0,"1":0,"2":0,"3":0,"4":0},"b":{"0":[0,0],"1":[0,0],"2":[0,0]},"_coverageSchema":"1a1c01bbd47fc00a2c39e90264f33305004495a9","hash":"99ed2b0bb06b5b375c7bcb74c6e4c63a487f6dbf"}
,"/Users/viktoria/Kodar/EventPlanner_Viktoria/src/store/userStore.js": {"path":"/Users/viktoria/Kodar/EventPlanner_Viktoria/src/store/userStore.js","statementMap":{"0":{"start":{"line":4,"column":28},"end":{"line":60,"column":2}},"1":{"start":{"line":5,"column":16},"end":{"line":13,"column":3}},"2":{"start":{"line":17,"column":6},"end":{"line":19,"column":7}},"3":{"start":{"line":18,"column":8},"end":{"line":18,"column":56}},"4":{"start":{"line":23,"column":19},"end":{"line":23,"column":51}},"5":{"start":{"line":24,"column":6},"end":{"line":24,"column":23}},"6":{"start":{"line":28,"column":19},"end":{"line":28,"column":59}},"7":{"start":{"line":29,"column":6},"end":{"line":29,"column":23}},"8":{"start":{"line":32,"column":6},"end":{"line":32,"column":23}},"9":{"start":{"line":33,"column":6},"end":{"line":33,"column":33}},"10":{"start":{"line":37,"column":19},"end":{"line":37,"column":62}},"11":{"start":{"line":38,"column":6},"end":{"line":38,"column":23}},"12":{"start":{"line":42,"column":6},"end":{"line":47,"column":7}},"13":{"start":{"line":43,"column":8},"end":{"line":43,"column":41}},"14":{"start":{"line":44,"column":8},"end":{"line":44,"column":25}},"15":{"start":{"line":46,"column":8},"end":{"line":46,"column":52}},"16":{"start":{"line":53,"column":6},"end":{"line":53,"column":54}},"17":{"start":{"line":53,"column":42},"end":{"line":53,"column":54}},"18":{"start":{"line":57,"column":6},"end":{"line":57,"column":33}},"19":{"start":{"line":57,"column":21},"end":{"line":57,"column":33}}},"fnMap":{"0":{"name":"(anonymous_0)","decl":{"start":{"line":5,"column":9},"end":{"line":5,"column":10}},"loc":{"start":{"line":5,"column":16},"end":{"line":13,"column":3}},"line":5},"1":{"name":"(anonymous_1)","decl":{"start":{"line":16,"column":4},"end":{"line":16,"column":5}},"loc":{"start":{"line":16,"column":24},"end":{"line":20,"column":5}},"line":16},"2":{"name":"(anonymous_2)","decl":{"start":{"line":22,"column":4},"end":{"line":22,"column":5}},"loc":{"start":{"line":22,"column":25},"end":{"line":25,"column":5}},"line":22},"3":{"name":"(anonymous_3)","decl":{"start":{"line":27,"column":4},"end":{"line":27,"column":5}},"loc":{"start":{"line":27,"column":33},"end":{"line":30,"column":5}},"line":27},"4":{"name":"(anonymous_4)","decl":{"start":{"line":31,"column":4},"end":{"line":31,"column":5}},"loc":{"start":{"line":31,"column":19},"end":{"line":34,"column":5}},"line":31},"5":{"name":"(anonymous_5)","decl":{"start":{"line":36,"column":4},"end":{"line":36,"column":5}},"loc":{"start":{"line":36,"column":36},"end":{"line":39,"column":5}},"line":36},"6":{"name":"(anonymous_6)","decl":{"start":{"line":41,"column":4},"end":{"line":41,"column":5}},"loc":{"start":{"line":41,"column":25},"end":{"line":48,"column":5}},"line":41},"7":{"name":"(anonymous_7)","decl":{"start":{"line":52,"column":4},"end":{"line":52,"column":5}},"loc":{"start":{"line":52,"column":14},"end":{"line":54,"column":5}},"line":52},"8":{"name":"(anonymous_8)","decl":{"start":{"line":56,"column":4},"end":{"line":56,"column":5}},"loc":{"start":{"line":56,"column":15},"end":{"line":58,"column":5}},"line":56}},"branchMap":{"0":{"loc":{"start":{"line":17,"column":6},"end":{"line":19,"column":7}},"type":"if","locations":[{"start":{"line":17,"column":6},"end":{"line":19,"column":7}},{"start":{},"end":{}}],"line":17},"1":{"loc":{"start":{"line":53,"column":6},"end":{"line":53,"column":54}},"type":"if","locations":[{"start":{"line":53,"column":6},"end":{"line":53,"column":54}},{"start":{},"end":{}}],"line":53},"2":{"loc":{"start":{"line":53,"column":10},"end":{"line":53,"column":40}},"type":"binary-expr","locations":[{"start":{"line":53,"column":10},"end":{"line":53,"column":19}},{"start":{"line":53,"column":23},"end":{"line":53,"column":40}}],"line":53},"3":{"loc":{"start":{"line":57,"column":6},"end":{"line":57,"column":33}},"type":"if","locations":[{"start":{"line":57,"column":6},"end":{"line":57,"column":33}},{"start":{},"end":{}}],"line":57}},"s":{"0":1,"1":5,"2":0,"3":0,"4":0,"5":0,"6":0,"7":0,"8":0,"9":0,"10":0,"11":0,"12":0,"13":0,"14":0,"15":0,"16":5,"17":2,"18":0,"19":0},"f":{"0":5,"1":0,"2":0,"3":0,"4":0,"5":0,"6":0,"7":5,"8":0},"b":{"0":[0,0],"1":[2,3],"2":[5,3],"3":[0,0]},"_coverageSchema":"1a1c01bbd47fc00a2c39e90264f33305004495a9","hash":"397ea7ce201c09ccf6b170ad06c8d8dd20541313"}
,"/Users/viktoria/Kodar/EventPlanner_Viktoria/src/utils/constants.js": {"path":"/Users/viktoria/Kodar/EventPlanner_Viktoria/src/utils/constants.js","statementMap":{"0":{"start":{"line":3,"column":25},"end":{"line":3,"column":42}},"1":{"start":{"line":5,"column":33},"end":{"line":13,"column":1}},"2":{"start":{"line":15,"column":22},"end":{"line":28,"column":1}}},"fnMap":{},"branchMap":{},"s":{"0":1,"1":1,"2":1},"f":{},"b":{},"_coverageSchema":"1a1c01bbd47fc00a2c39e90264f33305004495a9","hash":"b39a2eb770adc47d8509cb5dd163e930a1eecffe"}
}
