TN:
SF:src/components/Card.vue
FN:14,render
FNF:1
FNH:1
FNDA:2,render
DA:3,1
DA:6,1
DA:7,1
DA:8,1
DA:11,1
DA:15,2
DA:16,1
LF:7
LH:7
BRF:0
BRH:0
end_of_record
TN:
SF:src/components/Header.vue
FN:167,render
FN:174,(anonymous_1)
FN:182,(anonymous_2)
FN:191,(anonymous_3)
FN:199,(anonymous_4)
FN:207,(anonymous_5)
FN:216,(anonymous_6)
FN:229,(anonymous_7)
FN:238,(anonymous_8)
FNF:9
FNH:9
FNDA:5,render
FNDA:5,(anonymous_1)
FNDA:5,(anonymous_2)
FNDA:2,(anonymous_3)
FNDA:2,(anonymous_4)
FNDA:2,(anonymous_5)
FNDA:3,(anonymous_6)
FNDA:2,(anonymous_7)
FNDA:2,(anonymous_8)
DA:4,1
DA:7,1
DA:102,1
DA:105,1
DA:106,1
DA:107,1
DA:110,1
DA:113,1
DA:117,1
DA:128,1
DA:132,1
DA:135,1
DA:138,1
DA:141,1
DA:145,1
DA:149,1
DA:156,1
DA:159,1
DA:163,1
DA:168,5
DA:169,5
DA:175,5
DA:183,5
DA:192,2
DA:200,2
DA:208,2
DA:217,3
DA:230,2
DA:239,2
DA:243,1
LF:30
LH:30
BRDA:186,0,0,2
BRDA:186,0,1,3
BRDA:195,1,0,2
BRDA:195,1,1,3
BRDA:211,2,0,3
BRDA:211,2,1,2
BRDA:211,3,0,2
BRDA:211,3,1,1
BRDA:211,4,0,3
BRDA:211,4,1,2
BRDA:220,5,0,3
BRDA:220,5,1,2
BRDA:224,6,0,2
BRDA:224,6,1,3
BRDA:233,7,0,2
BRDA:233,7,1,3
BRF:16
BRH:16
end_of_record
TN:
SF:src/components/InputField.vue
FN:71,render
FNF:1
FNH:1
FNDA:12,render
DA:4,1
DA:7,1
DA:62,1
DA:65,1
DA:66,1
DA:67,1
DA:70,1
DA:72,12
DA:95,1
LF:9
LH:9
BRDA:75,0,0,11
BRDA:75,0,1,1
BRDA:83,1,0,1
BRDA:83,1,1,11
BRF:4
BRH:4
end_of_record
TN:
SF:src/components/Modal.vue
FN:22,setup
FN:33,handleSave
FN:36,handleCancel
FN:82,render
FNF:4
FNH:4
FNDA:4,setup
FNDA:1,handleSave
FNDA:1,handleCancel
FNDA:4,render
DA:4,1
DA:7,1
DA:8,1
DA:26,4
DA:32,4
DA:33,4
DA:34,1
DA:36,4
DA:37,1
DA:39,4
DA:44,4
DA:48,4
DA:53,1
DA:56,1
DA:57,1
DA:58,1
DA:64,1
DA:68,1
DA:71,1
DA:74,1
DA:75,1
DA:78,1
DA:79,1
DA:83,4
DA:101,1
LF:25
LH:25
BRF:0
BRH:0
end_of_record
TN:
SF:src/components/TimeZoneDropdown.vue
FN:115,render
FN:118,(anonymous_1)
FN:122,(anonymous_2)
FN:126,(anonymous_3)
FN:128,onClick
FNF:5
FNH:4
FNDA:13,render
FNDA:4,(anonymous_1)
FNDA:0,(anonymous_2)
FNDA:3646,(anonymous_3)
FNDA:3,onClick
DA:4,1
DA:7,1
DA:100,1
DA:103,1
DA:104,1
DA:105,1
DA:108,1
DA:111,1
DA:114,1
DA:116,13
DA:119,4
DA:123,0
DA:127,3646
DA:129,3
DA:134,1
LF:15
LH:14
BRDA:118,0,0,13
BRDA:118,0,1,6
BRDA:122,1,0,13
BRDA:122,1,1,6
BRF:4
BRH:4
end_of_record
TN:
SF:src/services/userAuthentication.js
FN:4,(anonymous_0)
FN:28,(anonymous_1)
FN:47,(anonymous_2)
FN:56,(anonymous_3)
FN:60,(anonymous_4)
FNF:5
FNH:0
FNDA:0,(anonymous_0)
FNDA:0,(anonymous_1)
FNDA:0,(anonymous_2)
FNDA:0,(anonymous_3)
FNDA:0,(anonymous_4)
DA:3,1
DA:5,0
DA:6,0
DA:11,0
DA:12,0
DA:23,0
DA:24,0
DA:29,0
DA:30,0
DA:34,0
DA:35,0
DA:36,0
DA:38,0
DA:39,0
DA:42,0
DA:43,0
DA:48,0
DA:49,0
DA:51,0
DA:52,0
DA:57,0
DA:61,0
DA:66,0
DA:67,0
DA:68,0
DA:73,0
LF:26
LH:1
BRDA:11,0,0,0
BRDA:11,0,1,0
BRDA:11,1,0,0
BRDA:11,1,1,0
BRDA:34,2,0,0
BRDA:34,2,1,0
BRF:6
BRH:0
end_of_record
TN:
SF:src/store/userStore.js
FN:5,(anonymous_0)
FN:16,(anonymous_1)
FN:22,(anonymous_2)
FN:27,(anonymous_3)
FN:31,(anonymous_4)
FN:36,(anonymous_5)
FN:41,(anonymous_6)
FN:52,(anonymous_7)
FN:56,(anonymous_8)
FNF:9
FNH:2
FNDA:5,(anonymous_0)
FNDA:0,(anonymous_1)
FNDA:0,(anonymous_2)
FNDA:0,(anonymous_3)
FNDA:0,(anonymous_4)
FNDA:0,(anonymous_5)
FNDA:0,(anonymous_6)
FNDA:5,(anonymous_7)
FNDA:0,(anonymous_8)
DA:4,1
DA:5,5
DA:17,0
DA:18,0
DA:23,0
DA:24,0
DA:28,0
DA:29,0
DA:32,0
DA:33,0
DA:37,0
DA:38,0
DA:42,0
DA:43,0
DA:44,0
DA:46,0
DA:53,5
DA:57,0
LF:18
LH:3
BRDA:17,0,0,0
BRDA:17,0,1,0
BRDA:53,1,0,2
BRDA:53,1,1,3
BRDA:53,2,0,5
BRDA:53,2,1,3
BRDA:57,3,0,0
BRDA:57,3,1,0
BRF:8
BRH:4
end_of_record
TN:
SF:src/utils/constants.js
FNF:0
FNH:0
DA:3,1
DA:5,1
DA:15,1
LF:3
LH:3
BRF:0
BRH:0
end_of_record
